#                                                                      --- full sequence ---- --- best 1 domain ---- --- domain number estimation ----
# target name             accession  query name             accession    E-value  score  bias   E-value  score  bias   exp reg clu  ov env dom rep inc description of target
#     ------------------- ----------   -------------------- ---------- --------- ------ ----- --------- ------ -----   --- --- --- --- --- --- --- --- ---------------------
sp|A0A6P8HC43|ATPI1_ACTTE -          pdb_kunitz_msa22_clean -            6.7e-96  310.4  65.7     2e-26   88.0   8.6   4.1   4   0   0   4   4   4   4 Actinia tenebrosa protease inhibitors OS=Actinia tenebrosa OX=6105 PE=1 SV=1
sp|Q02445|TFPI1_RAT       -          pdb_kunitz_msa22_clean -            3.5e-71  231.3  41.8   1.1e-25   85.6  10.3   3.2   3   0   0   3   3   3   3 Tissue factor pathway inhibitor OS=Rattus norvegicus OX=10116 GN=Tfpi PE=2 SV=1
sp|O54819|TFPI1_MOUSE     -          pdb_kunitz_msa22_clean -            3.5e-69  224.8  38.8   3.2e-25   84.1   5.3   3.1   3   0   0   3   3   3   3 Tissue factor pathway inhibitor OS=Mus musculus OX=10090 GN=Tfpi PE=2 SV=1
sp|P19761|TFPI1_RABIT     -          pdb_kunitz_msa22_clean -            1.5e-67  219.6  37.7   2.2e-25   84.6   5.7   3.2   3   0   0   3   3   3   3 Tissue factor pathway inhibitor OS=Oryctolagus cuniculus OX=9986 GN=TFPI PE=2 SV=2
sp|P84875|PCPI_SABMA      -          pdb_kunitz_msa22_clean -            6.8e-66  214.3  36.4   4.9e-23   77.1  13.0   3.0   2   1   1   3   3   3   3 Carboxypeptidase inhibitor SmCI OS=Sabellastarte magnifica OX=389514 PE=1 SV=1
sp|P83606|BMTI6_RHIMP     -          pdb_kunitz_msa22_clean -              1e-62  204.2  42.7   2.7e-22   74.7   8.6   3.1   3   0   0   3   3   3   3 Kunitz-type serine protease inhibitor 6 (Fragment) OS=Rhipicephalus microplus OX=6941 PE=1 SV=2
sp|Q03610|YN81_CAEEL      -          pdb_kunitz_msa22_clean -            3.3e-62  202.5  64.4   1.8e-17   59.3   8.6   6.1   5   0   0   5   5   5   5 Uncharacterized protein ZC84.1 OS=Caenorhabditis elegans OX=6239 GN=ZC84.1 PE=3 SV=6
sp|Q7YRQ8|TFPI2_BOVIN     -          pdb_kunitz_msa22_clean -            2.2e-58  190.3  34.0   7.5e-27   89.3   5.7   3.1   3   0   0   3   3   3   3 Tissue factor pathway inhibitor 2 OS=Bos taurus OX=9913 GN=TFPI2 PE=2 SV=1
sp|O35536|TFPI2_MOUSE     -          pdb_kunitz_msa22_clean -            1.1e-48  159.3  25.5   9.7e-24   79.3   3.3   3.1   3   0   0   3   3   3   3 Tissue factor pathway inhibitor 2 OS=Mus musculus OX=10090 GN=Tfpi2 PE=2 SV=1
sp|W4VSH9|VKT1_TRILK      -          pdb_kunitz_msa22_clean -              9e-47  153.1  19.8   6.9e-25   83.0   5.6   2.2   2   0   0   2   2   2   2 Kunitz-type U19-barytoxin-Tl1a OS=Trittame loki OX=1295018 PE=2 SV=2
sp|Q8WPI2|KUNIH_RHIMP     -          pdb_kunitz_msa22_clean -              3e-46  151.4  23.5   5.6e-26   86.5   7.8   2.2   2   0   0   2   2   2   2 Boophilin-H2 OS=Rhipicephalus microplus OX=6941 PE=1 SV=1
sp|B6ZIW0|KUN_HAELO       -          pdb_kunitz_msa22_clean -            1.8e-45  148.9  28.4   1.5e-26   88.3   8.1   2.1   2   0   0   2   2   2   2 Thrombin inhibitor hemalin OS=Haemaphysalis longicornis OX=44386 PE=2 SV=1
sp|Q5VJG2|KUNI_AMBHE      -          pdb_kunitz_msa22_clean -            1.6e-42  139.5  23.8   5.8e-23   76.8   7.6   2.2   2   0   0   2   2   2   2 Amblin OS=Amblyomma hebraeum OX=34608 PE=1 SV=1
sp|P00978|AMBP_BOVIN      -          pdb_kunitz_msa22_clean -            6.3e-40  131.2  21.2   1.1e-20   69.6   6.7   2.4   1   1   1   2   2   2   2 Protein AMBP OS=Bos taurus OX=9913 GN=AMBP PE=1 SV=2
sp|P62757|IATR_SHEEP      -          pdb_kunitz_msa22_clean -            1.5e-39  130.0  23.2   2.2e-21   71.8   5.5   2.0   1   1   1   2   2   2   2 Inter-alpha-trypsin inhibitor (Fragment) OS=Ovis aries OX=9940 PE=1 SV=1
sp|Q62577|AMBP_MERUN      -          pdb_kunitz_msa22_clean -            4.3e-39  128.5  20.9   4.5e-21   70.8   7.4   2.3   1   1   1   2   2   2   2 Protein AMBP OS=Meriones unguiculatus OX=10047 GN=AMBP PE=2 SV=1
sp|P04366|AMBP_PIG        -          pdb_kunitz_msa22_clean -            2.5e-38  126.1  21.2   5.6e-20   67.3   6.4   2.5   1   1   1   2   2   2   2 Protein AMBP (Fragment) OS=Sus scrofa OX=9823 GN=AMBP PE=1 SV=2
sp|Q6NUX0|WFKN_DANRE      -          pdb_kunitz_msa22_clean -            6.3e-33  108.7  15.8   5.3e-20   67.4   3.4   2.8   2   0   0   2   2   2   2 WAP, Kazal, immunoglobulin, Kunitz and NTR domain-containing protein OS=Danio rerio OX=7955 GN=wfikkn PE=2 SV=1
sp|A0A1D0BND9|TD1A_HADIN  -          pdb_kunitz_msa22_clean -            3.9e-29   96.6  23.2   2.2e-15   52.6  11.1   2.1   2   0   0   2   2   2   2 U13-hexatoxin-Hi1a OS=Hadronyche infensa OX=153481 PE=2 SV=1
sp|Q90WA0|VKT2_PSETT      -          pdb_kunitz_msa22_clean -            4.3e-29   96.5   3.1   4.8e-29   96.3   3.1   1.0   1   0   0   1   1   1   1 Kunitz-type serine protease inhibitor textilinin-2 OS=Pseudonaja textilis textilis OX=169397 PE=1 SV=1
sp|P00975|IBPS_BOVIN      -          pdb_kunitz_msa22_clean -            6.8e-29   95.8   7.6   7.4e-29   95.7   7.6   1.0   1   0   0   1   1   1   1 Serum basic protease inhibitor OS=Bos taurus OX=9913 PE=1 SV=1
sp|Q7LZS8|VKTRE_DENAN     -          pdb_kunitz_msa22_clean -            1.9e-28   94.4   6.2     2e-28   94.3   6.2   1.0   1   0   0   1   1   1   1 Kunitz-type serine protease inhibitor long epsilon-dendrotoxin Arg55 OS=Dendroaspis angusticeps OX=8618 PE=1 SV=1
sp|C0HLB2|VKT_PSEPC       -          pdb_kunitz_msa22_clean -            3.8e-28   93.5   6.9   4.2e-28   93.3   6.9   1.0   1   0   0   1   1   1   1 Kunitz-type serine protease inhibitor PPTI OS=Pseudocerastes persicus OX=47769 PE=1 SV=1
sp|P00984|VKTE_DENPO      -          pdb_kunitz_msa22_clean -            4.8e-28   93.1   5.9     5e-28   93.1   5.9   1.0   1   0   0   1   1   1   1 Kunitz-type serine protease inhibitor dendrotoxin E OS=Dendroaspis polylepis polylepis OX=8620 PE=1 SV=1
sp|Q7LZE3|VKTHE_DENAN     -          pdb_kunitz_msa22_clean -            4.8e-28   93.1   5.9     5e-28   93.1   5.9   1.0   1   0   0   1   1   1   1 Kunitz-type serine protease inhibitor long epsilon-dendrotoxin His55 OS=Dendroaspis angusticeps OX=8618 PE=1 SV=2
sp|B7S4N9|VKT_OXYSC       -          pdb_kunitz_msa22_clean -              1e-27   92.1   5.3   1.2e-27   91.9   5.3   1.0   1   0   0   1   1   1   1 Kunitz-type serine protease inhibitor taicotoxin OS=Oxyuranus scutellatus scutellatus OX=8667 PE=1 SV=1
sp|P36992|AMBP_PLEPL      -          pdb_kunitz_msa22_clean -              1e-27   92.0  16.2   6.2e-19   63.9   6.6   2.3   1   1   1   2   2   2   2 Protein AMBP (Fragment) OS=Pleuronectes platessa OX=8262 PE=2 SV=1
sp|P00985|VKT2_HEMHA      -          pdb_kunitz_msa22_clean -            1.1e-27   92.0   4.1   1.1e-27   91.9   4.1   1.0   1   0   0   1   1   1   1 Kunitz-type serine protease inhibitor 2 OS=Hemachatus haemachatus OX=8626 PE=1 SV=1
sp|P0DMJ5|VKT2E_RADCR     -          pdb_kunitz_msa22_clean -            1.8e-27   91.3   4.2   2.2e-27   91.0   4.2   1.1   1   0   0   1   1   1   1 PI-stichotoxin-Hcr2e OS=Radianthus crispa OX=3122430 PE=1 SV=1
sp|P0DN06|VKT1A_ANEVI     -          pdb_kunitz_msa22_clean -            1.9e-27   91.2   4.6   2.3e-27   91.0   4.6   1.1   1   0   0   1   1   1   1 U-actitoxin-Avd3f OS=Anemonia viridis OX=51769 PE=3 SV=1
sp|Q6ITB1|VKT_PSEPO       -          pdb_kunitz_msa22_clean -            2.1e-27   91.0   6.4   2.4e-27   90.9   6.4   1.0   1   0   0   1   1   1   1 Kunitz-type serine protease inhibitor blackelin OS=Pseudechis porphyriacus OX=8671 PE=2 SV=1
sp|B5L5R0|IVBI4_PSEPO     -          pdb_kunitz_msa22_clean -            2.3e-27   91.0   6.7   2.6e-27   90.8   6.7   1.0   1   0   0   1   1   1   1 Blackelin-4 OS=Pseudechis porphyriacus OX=8671 PE=3 SV=1
sp|Q90W99|VKT3_PSETT      -          pdb_kunitz_msa22_clean -            2.8e-27   90.7   7.9   3.1e-27   90.5   7.9   1.0   1   0   0   1   1   1   1 Kunitz-type serine protease inhibitor textilinin-3 OS=Pseudonaja textilis textilis OX=169397 PE=2 SV=1
sp|P00982|VKTHD_DENAN     -          pdb_kunitz_msa22_clean -            3.1e-27   90.5   7.0   3.3e-27   90.4   7.0   1.0   1   0   0   1   1   1   1 Kunitz-type serine protease inhibitor homolog delta-dendrotoxin OS=Dendroaspis angusticeps OX=8618 PE=1 SV=1
sp|B5KF95|VKT1_CRYNI      -          pdb_kunitz_msa22_clean -            4.2e-27   90.1   7.5   4.8e-27   89.9   7.5   1.0   1   0   0   1   1   1   1 Kunitz-type serine protease inhibitor nigrescinin-1 OS=Cryptophis nigrescens OX=292442 PE=2 SV=1
sp|B5KL36|VKT5_CRYNI      -          pdb_kunitz_msa22_clean -            4.2e-27   90.1   7.5   4.8e-27   89.9   7.5   1.0   1   0   0   1   1   1   1 Kunitz-type serine protease inhibitor nigrescinin-5 OS=Cryptophis nigrescens OX=292442 PE=2 SV=1
sp|P00991|VKT1_VIPAA      -          pdb_kunitz_msa22_clean -            4.8e-27   89.9   8.1   5.6e-27   89.7   8.1   1.1   1   0   0   1   1   1   1 Kunitz-type serine protease inhibitor 1 OS=Vipera ammodytes ammodytes OX=8705 PE=1 SV=2
sp|P0DN08|VKT53_ANEVI     -          pdb_kunitz_msa22_clean -            4.9e-27   89.9   6.9   6.1e-27   89.6   6.9   1.1   1   0   0   1   1   1   1 KappaPI-actitoxin-Avd3e OS=Anemonia viridis OX=51769 PE=3 SV=1
sp|B5L5R7|VKT2_HOPST      -          pdb_kunitz_msa22_clean -            5.3e-27   89.8   8.1   5.9e-27   89.6   8.1   1.0   1   0   0   1   1   1   1 Kunitz-type serine protease inhibitor stephenin-2 OS=Hoplocephalus stephensii OX=196418 PE=3 SV=1
sp|P00986|VKT2_NAJNI      -          pdb_kunitz_msa22_clean -            5.4e-27   89.8   4.4   5.7e-27   89.7   4.4   1.0   1   0   0   1   1   1   1 Kunitz-type serine protease inhibitor 2 OS=Naja nivea OX=8655 PE=1 SV=1
sp|P0DN09|VKT5_ANEVI      -          pdb_kunitz_msa22_clean -            6.2e-27   89.6   6.9   7.6e-27   89.3   6.9   1.1   1   0   0   1   1   1   1 U-actitoxin-Avd3h OS=Anemonia viridis OX=51769 PE=3 SV=1
sp|B5L5M7|IVBI_AUSSU      -          pdb_kunitz_msa22_clean -            6.3e-27   89.5   9.3   7.2e-27   89.4   9.3   1.0   1   0   0   1   1   1   1 Kunitz/BPTI-like toxin OS=Austrelaps superbus OX=29156 PE=3 SV=1
sp|P81129|VKT2_STIHL      -          pdb_kunitz_msa22_clean -            6.4e-27   89.5   8.7   6.8e-27   89.4   8.7   1.0   1   0   0   1   1   1   1 PI-stichotoxin-She2b OS=Stichodactyla helianthus OX=6123 PE=1 SV=1
sp|Q6T6S5|VKT2_BITGA      -          pdb_kunitz_msa22_clean -            6.7e-27   89.5  11.5   7.8e-27   89.2  11.5   1.1   1   0   0   1   1   1   1 Kunitz-type serine protease inhibitor bitisilin-2 OS=Bitis gabonica OX=8694 PE=1 SV=1
sp|P00992|VKT3_VIPAA      -          pdb_kunitz_msa22_clean -            7.4e-27   89.3   7.4   8.6e-27   89.1   7.4   1.1   1   0   0   1   1   1   1 Kunitz-type serine protease inhibitor 3 OS=Vipera ammodytes ammodytes OX=8705 PE=1 SV=2
sp|B5KL37|VKT6_CRYNI      -          pdb_kunitz_msa22_clean -            8.2e-27   89.2   7.1   9.3e-27   89.0   7.1   1.0   1   0   0   1   1   1   1 Kunitz-type serine protease inhibitor nigrescinin-6 OS=Cryptophis nigrescens OX=292442 PE=2 SV=1
sp|A0A1Z0YU59|MAMB1_DENAN -          pdb_kunitz_msa22_clean -            9.2e-27   89.0   9.9   9.9e-27   88.9   9.9   1.0   1   0   0   1   1   1   1 Mambaquaretin-1 OS=Dendroaspis angusticeps OX=8618 PE=1 SV=2
sp|C0HJF4|VKT2C_RADCR     -          pdb_kunitz_msa22_clean -            9.6e-27   88.9   5.3     1e-26   88.9   5.3   1.0   1   0   0   1   1   1   1 TauPI-stichotoxin-Hcr2c OS=Radianthus crispa OX=3122430 PE=1 SV=1
sp|C0HLA8|MAMB5_DENJA     -          pdb_kunitz_msa22_clean -            1.1e-26   88.7   8.8   1.2e-26   88.6   8.8   1.0   1   0   0   1   1   1   1 Mambaquaretin-5 OS=Dendroaspis jamesoni kaimosae OX=8619 PE=1 SV=1
sp|B5KL35|VKT4_CRYNI      -          pdb_kunitz_msa22_clean -            1.3e-26   88.6   6.4   1.4e-26   88.4   6.4   1.0   1   0   0   1   1   1   1 Kunitz-type serine protease inhibitor nigrescinin-4 OS=Cryptophis nigrescens OX=292442 PE=2 SV=1
sp|P86862|VKT1_ANTEL      -          pdb_kunitz_msa22_clean -            1.4e-26   88.5   8.8   1.5e-26   88.3   8.8   1.0   1   0   0   1   1   1   1 KappaPI-actitoxin-Ael3a OS=Anthopleura elegantissima OX=6110 PE=1 SV=1
sp|A0A6B7FA07|VKT2J_RADCR -          pdb_kunitz_msa22_clean -            1.6e-26   88.2   6.7   1.6e-26   88.2   6.7   1.7   1   1   1   2   2   1   1 PI-stichotoxin-Hcr2j (Fragment) OS=Radianthus crispa OX=3122430 GN=iq4c7 PE=1 SV=1
sp|C1IC52|VKT2_WALAE      -          pdb_kunitz_msa22_clean -            1.8e-26   88.1   5.4     2e-26   87.9   5.4   1.1   1   0   0   1   1   1   1 Kunitz-type serine protease inhibitor spermatin OS=Walterinnesia aegyptia OX=64182 PE=1 SV=1
sp|A0A6B7FEJ3|VKT2K_RADCR -          pdb_kunitz_msa22_clean -            2.4e-26   87.7   6.8   2.4e-26   87.7   6.8   1.7   1   1   1   2   2   1   1 PI-stichotoxin-Hcr2k (Fragment) OS=Radianthus crispa OX=3122430 GN=iq1c9 PE=1 SV=1
sp|A6MGY1|VKT7_DEMVE      -          pdb_kunitz_msa22_clean -            2.8e-26   87.5   5.4   3.1e-26   87.3   5.4   1.0   1   0   0   1   1   1   1 Kunitz-type serine protease inhibitor vestiginin-7 OS=Demansia vestigiata OX=412038 PE=1 SV=1
sp|P00994|ISIK_HELPO      -          pdb_kunitz_msa22_clean -            3.1e-26   87.3   9.8   3.3e-26   87.2   9.8   1.0   1   0   0   1   1   1   1 Isoinhibitor K OS=Helix pomatia OX=6536 PE=1 SV=1
sp|A0A6B7FBD3|VKT2I_RADCR -          pdb_kunitz_msa22_clean -            3.2e-26   87.3   6.8   3.2e-26   87.3   6.8   1.9   1   1   2   3   3   1   1 PI-stichotoxin-Hcr2i OS=Radianthus crispa OX=3122430 GN=iq2c1 PE=1 SV=1
sp|F8J2F4|VKT16_DRYCN     -          pdb_kunitz_msa22_clean -            3.2e-26   87.3   6.4   3.6e-26   87.1   6.4   1.0   1   0   0   1   1   1   1 Kunitz-type serine protease inhibitor 161 OS=Drysdalia coronoides OX=66186 PE=1 SV=1
sp|Q9TWF8|VKT3_ANESU      -          pdb_kunitz_msa22_clean -            3.4e-26   87.2   6.8   3.7e-26   87.1   6.8   1.0   1   0   0   1   1   1   1 KappaPI-actitoxin-Avd3d OS=Anemonia sulcata OX=6108 PE=1 SV=1
sp|P0DN19|VKTF_ANEVI      -          pdb_kunitz_msa22_clean -            4.2e-26   86.9   7.1   4.9e-26   86.7   7.1   1.1   1   0   0   1   1   1   1 U-actitoxin-Avd3r (Fragment) OS=Anemonia viridis OX=51769 PE=2 SV=1
sp|P00993|IBP_CARCR       -          pdb_kunitz_msa22_clean -            4.4e-26   86.8   5.1   4.4e-26   86.8   5.1   2.0   2   1   0   2   2   1   1 Chelonianin OS=Caretta caretta OX=8467 PE=1 SV=1
sp|Q6ITB3|VKT1_NOTSC      -          pdb_kunitz_msa22_clean -            4.8e-26   86.7   3.2   5.4e-26   86.5   3.2   1.0   1   0   0   1   1   1   1 Kunitz-type serine protease inhibitor tigerin-1 OS=Notechis scutatus scutatus OX=70142 PE=2 SV=1
sp|P0DKL8|VKT_VIPRE       -          pdb_kunitz_msa22_clean -            5.1e-26   86.6   8.1   5.6e-26   86.5   8.1   1.0   1   0   0   1   1   1   1 Kunitz-type serine protease inhibitor Vur-KIn OS=Vipera renardi OX=927686 PE=1 SV=1
sp|A6MFL3|VKT3_DEMVE      -          pdb_kunitz_msa22_clean -            5.4e-26   86.6   4.4   6.1e-26   86.4   4.4   1.0   1   0   0   1   1   1   1 Kunitz-type serine protease inhibitor vestiginin-3 OS=Demansia vestigiata OX=412038 PE=1 SV=1
sp|P24541|VKT_ERIMA       -          pdb_kunitz_msa22_clean -              6e-26   86.4   8.2   6.7e-26   86.2   8.2   1.0   1   0   0   1   1   1   1 Kunitz-type serine protease inhibitor OS=Eristicophis macmahoni OX=110227 PE=1 SV=1
sp|B5L5R1|IVBI5_PSEPO     -          pdb_kunitz_msa22_clean -            6.1e-26   86.4   6.5   6.9e-26   86.2   6.5   1.0   1   0   0   1   1   1   1 Blackelin-5 OS=Pseudechis porphyriacus OX=8671 PE=3 SV=1
sp|E7FL12|VKT2_PSERS      -          pdb_kunitz_msa22_clean -            6.4e-26   86.3   5.2   7.3e-26   86.1   5.2   1.0   1   0   0   1   1   1   1 Kunitz serine protease inhibitor Pr-mulgin 2 OS=Pseudechis rossignolii OX=1489342 PE=2 SV=1
sp|C0HLA9|MAMB6_DENVI     -          pdb_kunitz_msa22_clean -            6.9e-26   86.2   7.8   7.4e-26   86.1   7.8   1.0   1   0   0   1   1   1   1 Mambaquaretin-6 OS=Dendroaspis viridis OX=8621 PE=1 SV=1
sp|P0DMJ4|VKTI3_ANTFU     -          pdb_kunitz_msa22_clean -            7.4e-26   86.1   5.9   7.8e-26   86.0   5.9   1.0   1   0   0   1   1   1   1 PI-actitoxin-Afv2b OS=Anthopleura fuscoviridis OX=6111 PE=1 SV=1
sp|P0DN17|VKTD_ANEVI      -          pdb_kunitz_msa22_clean -            7.4e-26   86.1   7.2   9.2e-26   85.8   7.2   1.1   1   0   0   1   1   1   1 U-actitoxin-Avd3p OS=Anemonia viridis OX=51769 PE=3 SV=1
sp|Q9GP15|IRCPI_IXORI     -          pdb_kunitz_msa22_clean -            7.9e-26   86.0   6.4   9.7e-26   85.7   6.4   1.1   1   0   0   1   1   1   1 Kunitz-type anticoagulant protein Ir-CPI OS=Ixodes ricinus OX=34613 GN=CPI PE=2 SV=1
sp|A6MGX9|VKT5_DEMVE      -          pdb_kunitz_msa22_clean -              9e-26   85.8   5.1     1e-25   85.7   5.1   1.0   1   0   0   1   1   1   1 Kunitz-type serine protease inhibitor vestiginin-5 OS=Demansia vestigiata OX=412038 PE=2 SV=1
sp|C0HJU6|VKT2F_RADCR     -          pdb_kunitz_msa22_clean -            9.2e-26   85.8   5.0   9.6e-26   85.7   5.0   1.0   1   0   0   1   1   1   1 PI-stichotoxin-Hcr2f OS=Radianthus crispa OX=3122430 PE=1 SV=1
sp|B5L5Q8|VKT5_PSEAU      -          pdb_kunitz_msa22_clean -              1e-25   85.7   6.0   1.1e-25   85.5   6.0   1.0   1   0   0   1   1   1   1 Kunitz-type serine protease inhibitor mulgin-5 OS=Pseudechis australis OX=8670 PE=3 SV=1
sp|B4ESA3|VKT2L_BUNMU     -          pdb_kunitz_msa22_clean -            1.1e-25   85.6   6.5   1.2e-25   85.4   6.5   1.0   1   0   0   1   1   1   1 Kunitz-type serine protease inhibitor PILP-2 OS=Bungarus multicinctus OX=8616 PE=3 SV=1
sp|A0A3G2FQK2|3DPD_HETMG  -          pdb_kunitz_msa22_clean -            1.1e-25   85.6   7.4   1.1e-25   85.6   7.4   1.7   1   1   1   2   2   1   1 PI-stichotoxin-Hmg3d (Fragment) OS=Heteractis magnifica OX=38281 PE=1 SV=1
sp|Q6ITB8|VKT4_PSEAU      -          pdb_kunitz_msa22_clean -            1.1e-25   85.5   5.8   1.3e-25   85.4   5.8   1.0   1   0   0   1   1   1   1 Kunitz-type serine protease inhibitor mulgin-4 OS=Pseudechis australis OX=8670 PE=2 SV=1
sp|B5KL34|VKT3_CRYNI      -          pdb_kunitz_msa22_clean -            1.2e-25   85.5   5.8   1.3e-25   85.3   5.8   1.0   1   0   0   1   1   1   1 Kunitz-type serine protease inhibitor nigrescinin-3 OS=Cryptophis nigrescens OX=292442 PE=2 SV=1
sp|P0DN20|VKTG_ANEVI      -          pdb_kunitz_msa22_clean -            1.6e-25   85.1   6.4   1.9e-25   84.8   6.4   1.1   1   0   0   1   1   1   1 U-actitoxin-Avd3s (Fragment) OS=Anemonia viridis OX=51769 PE=2 SV=1
sp|P0DMJ2|VKT3C_ACTEQ     -          pdb_kunitz_msa22_clean -            2.7e-25   84.3   8.0   3.2e-25   84.1   8.0   1.0   1   0   0   1   1   1   1 PI-actitoxin-Aeq3c OS=Actinia equina OX=6106 PE=1 SV=1
sp|E5AJX3|VKT_VIPNI       -          pdb_kunitz_msa22_clean -              4e-25   83.8   9.2   4.7e-25   83.5   9.2   1.1   1   0   0   1   1   1   1 Kunitz-type serine protease inhibitor ki-VN OS=Vipera nikolskii OX=1808362 PE=2 SV=1
sp|A5X2X1|VKT_SISCA       -          pdb_kunitz_msa22_clean -            4.5e-25   83.6   8.9   4.5e-25   83.6   8.9   1.7   2   0   0   2   2   1   1 Fused toxin protein OS=Sistrurus catenatus edwardsii OX=8762 PE=2 SV=1
sp|H6VC06|VKTK2_DABRR     -          pdb_kunitz_msa22_clean -            4.9e-25   83.5   6.6   5.6e-25   83.3   6.6   1.0   1   0   0   1   1   1   1 Kunitz-type serine protease inhibitor DrKIn-II OS=Daboia russelii OX=8707 PE=1 SV=1
sp|A8Y7N5|VKTC2_DABSI     -          pdb_kunitz_msa22_clean -            6.6e-25   83.1   6.5   7.5e-25   82.9   6.5   1.0   1   0   0   1   1   1   1 Kunitz-type serine protease inhibitor C2 OS=Daboia siamensis OX=343250 PE=2 SV=1
sp|B5KL41|VKT4_AUSSU      -          pdb_kunitz_msa22_clean -            7.4e-25   82.9   7.6   8.4e-25   82.7   7.6   1.0   1   0   0   1   1   1   1 Kunitz-type serine protease inhibitor superbin-4 OS=Austrelaps superbus OX=29156 PE=2 SV=1
sp|B2KTG2|VKTH1_BUNFA     -          pdb_kunitz_msa22_clean -            8.3e-25   82.7   7.3   9.4e-25   82.6   7.3   1.0   1   0   0   1   1   1   1 Kunitz-type serine protease inhibitor homolog beta-bungarotoxin BF B1 chain OS=Bungarus fasciatus OX=8613 PE=2 SV=1
sp|P0DN07|VKT4_ANEVI      -          pdb_kunitz_msa22_clean -            9.5e-25   82.6   8.3   1.2e-24   82.3   8.3   1.1   1   0   0   1   1   1   1 U-actitoxin-Avd3g OS=Anemonia viridis OX=51769 PE=3 SV=1
sp|P0DMJ3|VKTI1_ANTFU     -          pdb_kunitz_msa22_clean -            1.3e-24   82.1   7.6   1.4e-24   82.0   7.6   1.0   1   0   0   1   1   1   1 PI-actitoxin-Afv2a OS=Anthopleura fuscoviridis OX=6111 PE=1 SV=1
sp|A8Y7P1|VKTB1_DABSI     -          pdb_kunitz_msa22_clean -            1.4e-24   82.0   6.7   1.6e-24   81.9   6.7   1.0   1   0   0   1   1   1   1 Kunitz-type serine protease inhibitor B1 OS=Daboia siamensis OX=343250 PE=1 SV=1
sp|Q6ITB2|VKT2_NOTSC      -          pdb_kunitz_msa22_clean -            1.5e-24   81.9   1.9   1.7e-24   81.8   1.9   1.0   1   0   0   1   1   1   1 Kunitz-type serine protease inhibitor tigerin-2 OS=Notechis scutatus scutatus OX=70142 PE=2 SV=1
sp|B1B5I8|VKT3_STIHA      -          pdb_kunitz_msa22_clean -            1.7e-24   81.8   5.9   2.2e-24   81.4   5.9   1.1   1   0   0   1   1   1   1 KappaPI-stichotoxin-Shd2a OS=Stichodactyla haddoni OX=475174 PE=1 SV=1
sp|P20229|VKTTI_NAJNA     -          pdb_kunitz_msa22_clean -            2.1e-24   81.5   7.5   2.2e-24   81.4   7.5   1.0   1   0   0   1   1   1   1 Kunitz-type serine protease inhibitor OS=Naja naja OX=35670 PE=1 SV=1
sp|C8YJ94|KUN2_TABYA      -          pdb_kunitz_msa22_clean -            2.4e-24   81.3   9.7   2.7e-24   81.1   9.7   1.0   1   0   0   1   1   1   1 Tabkunin 2 OS=Tabanus yao OX=485572 PE=1 SV=1
sp|A8Y7N4|VKTC1_DABSI     -          pdb_kunitz_msa22_clean -            2.6e-24   81.2   9.5     3e-24   81.0   9.5   1.1   1   0   0   1   1   1   1 Kunitz-type serine protease inhibitor C1 OS=Daboia siamensis OX=343250 PE=2 SV=1
sp|A8Y7P6|VKTB6_DABSI     -          pdb_kunitz_msa22_clean -              3e-24   81.0   9.3   3.4e-24   80.8   9.3   1.0   1   0   0   1   1   1   1 Kunitz-type serine protease inhibitor B6 OS=Daboia siamensis OX=343250 PE=2 SV=1
sp|P0DJ50|VKT31_OLIMR     -          pdb_kunitz_msa22_clean -            3.7e-24   80.7  10.6   4.5e-24   80.4  10.6   1.1   1   0   0   1   1   1   1 Kunitz-type serine protease inhibitor BmKTT-2 OS=Olivierus martensii OX=34649 PE=2 SV=2
sp|A8Y7N8|VKTC5_DABSI     -          pdb_kunitz_msa22_clean -            3.7e-24   80.7   9.2   4.3e-24   80.5   9.2   1.1   1   0   0   1   1   1   1 Kunitz-type serine protease inhibitor C5 OS=Daboia siamensis OX=343250 PE=2 SV=1
sp|I2G9B4|VKT_MACLN       -          pdb_kunitz_msa22_clean -            3.9e-24   80.6   9.9   4.5e-24   80.4   9.9   1.1   1   0   0   1   1   1   1 Kunitz-type serine protease inhibitor PIVL OS=Macrovipera lebetina transmediterranea OX=384075 PE=1 SV=1
sp|Q2ES50|VKT1_DABRR      -          pdb_kunitz_msa22_clean -            4.2e-24   80.5   8.9   4.8e-24   80.3   8.9   1.0   1   0   0   1   1   1   1 Kunitz-type serine protease inhibitor 1 OS=Daboia russelii OX=8707 PE=2 SV=1
sp|Q29100|UPTI_PIG        -          pdb_kunitz_msa22_clean -            4.5e-24   80.4   6.3   4.5e-24   80.4   6.3   1.4   2   0   0   2   2   1   1 Uterine plasmin/trypsin inhibitor OS=Sus scrofa OX=9823 PE=1 SV=1
sp|H2A0N1|KCP2_PINMG      -          pdb_kunitz_msa22_clean -            4.6e-24   80.4  16.6   3.5e-13   45.5   4.0   2.2   2   0   0   2   2   2   2 BPTI/Kunitz domain-containing protein 2 OS=Margaritifera margaritifera OX=102329 PE=1 SV=1
sp|A8Y7P3|VKTB3_DABSI     -          pdb_kunitz_msa22_clean -              5e-24   80.3   7.1   5.6e-24   80.1   7.1   1.0   1   0   0   1   1   1   1 Kunitz-type serine protease inhibitor B3 OS=Daboia siamensis OX=343250 PE=2 SV=1
sp|Q90W96|VKT6_PSETT      -          pdb_kunitz_msa22_clean -            6.9e-24   79.8   5.2   7.8e-24   79.6   5.2   1.0   1   0   0   1   1   1   1 Kunitz-type serine protease inhibitor textilinin-6 OS=Pseudonaja textilis textilis OX=169397 PE=2 SV=1
sp|Q8AY42|VKTB_BUNCA      -          pdb_kunitz_msa22_clean -              7e-24   79.8   9.6   8.2e-24   79.6   9.6   1.1   1   0   0   1   1   1   1 Kunitz-type serine protease inhibitor B OS=Bungarus candidus OX=92438 PE=2 SV=2
sp|D4A2Z2|EPPI_RAT        -          pdb_kunitz_msa22_clean -            8.1e-24   79.6   8.9   2.2e-23   78.2   8.9   1.8   1   0   0   1   1   1   1 Eppin OS=Rattus norvegicus OX=10116 GN=Eppin PE=3 SV=1
sp|C1IBY4|KUN1_TABYA      -          pdb_kunitz_msa22_clean -            8.3e-24   79.5   9.3   9.3e-24   79.4   9.3   1.0   1   0   0   1   1   1   1 Tabkunin 1 OS=Tabanus yao OX=485572 PE=3 SV=1
sp|Q28201|TKDP1_BOVIN     -          pdb_kunitz_msa22_clean -            8.5e-24   79.5   5.6     2e-23   78.3   5.6   1.7   1   0   0   1   1   1   1 Trophoblast Kunitz domain protein 1 OS=Bos taurus OX=9913 GN=TKDP1 PE=2 SV=2
sp|B4ESA4|VKT3L_BUNMU     -          pdb_kunitz_msa22_clean -            9.4e-24   79.4  10.3   1.1e-23   79.2  10.3   1.0   1   0   0   1   1   1   1 Kunitz-type serine protease inhibitor PILP-3 OS=Bungarus multicinctus OX=8616 PE=3 SV=1
sp|P0C8W3|VKT11_HOFGE     -          pdb_kunitz_msa22_clean -            9.7e-24   79.3   7.6   1.2e-23   79.1   7.6   1.1   1   0   0   1   1   1   1 Kunitz-type serine protease inhibitor Hg1 OS=Hoffmannihadrurus gertschi OX=380989 PE=1 SV=1
sp|A8Y7P2|VKTB2_DABSI     -          pdb_kunitz_msa22_clean -            1.3e-23   79.0   9.1   1.4e-23   78.8   9.1   1.0   1   0   0   1   1   1   1 Kunitz-type serine protease inhibitor B2 OS=Daboia siamensis OX=343250 PE=2 SV=1
sp|P81548|VKT2_ANTAF      -          pdb_kunitz_msa22_clean -            1.6e-23   78.6   9.3   1.7e-23   78.6   9.3   1.0   1   0   0   1   1   1   1 PI-actitoxin-Axm2b OS=Anthopleura aff. xanthogrammica OX=152178 PE=1 SV=1
sp|Q5ZPJ7|VKT_NAJAT       -          pdb_kunitz_msa22_clean -            1.9e-23   78.4   9.5   2.1e-23   78.2   9.5   1.0   1   0   0   1   1   1   1 Kunitz-type serine protease inhibitor NACI OS=Naja atra OX=8656 PE=1 SV=1
sp|O93279|A4_TAKRU        -          pdb_kunitz_msa22_clean -            3.2e-23   77.7   3.6   6.1e-23   76.8   3.6   1.5   1   0   0   1   1   1   1 Amyloid-beta A4 protein OS=Takifugu rubripes OX=31033 GN=app PE=3 SV=1
sp|P0DQR1|VKT3_PALCA      -          pdb_kunitz_msa22_clean -            3.2e-23   77.7   7.2   3.5e-23   77.5   7.2   1.0   1   0   0   1   1   1   1 Kunitz-like toxin PcKuz3 OS=Palythoa caribaeorum OX=134933 PE=3 SV=1
sp|B5KL28|VKT4_OXYMI      -          pdb_kunitz_msa22_clean -            5.1e-23   77.0   4.1   5.8e-23   76.8   4.1   1.0   1   0   0   1   1   1   1 Kunitz-type serine protease inhibitor microlepidin-4 OS=Oxyuranus microlepidotus OX=111177 PE=2 SV=1
sp|Q7T2Q6|VKTHB_BUNFL     -          pdb_kunitz_msa22_clean -            6.2e-23   76.8   9.2     7e-23   76.6   9.2   1.0   1   0   0   1   1   1   1 Kunitz-type serine protease inhibitor homolog beta-bungarotoxin B chain OS=Bungarus flaviceps flaviceps OX=8615 PE=1 SV=1
sp|P82966|VKTCI_OPHHA     -          pdb_kunitz_msa22_clean -            7.4e-23   76.5   5.7   8.4e-23   76.3   5.7   1.1   1   0   0   1   1   1   1 Kunitz-type serine protease inhibitor OS=Ophiophagus hannah OX=8665 PE=1 SV=2
sp|B5L5R6|IVBI3_HOPST     -          pdb_kunitz_msa22_clean -            9.4e-23   76.2   5.1   1.1e-22   76.0   5.1   1.0   1   0   0   1   1   1   1 Stephenin-3 OS=Hoplocephalus stephensii OX=196418 PE=3 SV=2
sp|P15989|CO6A3_CHICK     -          pdb_kunitz_msa22_clean -            1.1e-22   75.9   4.5   3.2e-22   74.5   4.5   1.7   1   0   0   1   1   1   1 Collagen alpha-3(VI) chain OS=Gallus gallus OX=9031 GN=COL6A3 PE=2 SV=2
sp|Q90W97|VKT5_PSETT      -          pdb_kunitz_msa22_clean -            1.8e-22   75.3   4.8     2e-22   75.1   4.8   1.0   1   0   0   1   1   1   1 Kunitz-type serine protease inhibitor textilinin-5 OS=Pseudonaja textilis textilis OX=169397 PE=2 SV=1
sp|D8KY58|VKT_BOMTE       -          pdb_kunitz_msa22_clean -            2.4e-22   74.9   4.3   2.9e-22   74.6   4.3   1.1   1   0   0   1   1   1   1 Kunitz-type serine protease inhibitor Bt-KTI OS=Bombus terrestris OX=30195 PE=2 SV=1
sp|P82968|MCPI_MELCP      -          pdb_kunitz_msa22_clean -            2.5e-22   74.8   8.5   2.5e-22   74.8   8.5   2.3   3   0   0   3   3   1   1 Four-domain proteases inhibitor OS=Melithaea caledonica OX=156534 PE=1 SV=1
sp|P86959|KCP1_PINMA      -          pdb_kunitz_msa22_clean -            6.1e-22   73.6   9.5   1.1e-21   72.8   9.5   1.4   1   0   0   1   1   1   1 BPTI/Kunitz domain-containing protein 1 OS=Pinctada maxima OX=104660 PE=1 SV=1
sp|P49223|SPIT3_HUMAN     -          pdb_kunitz_msa22_clean -            6.6e-22   73.5   9.5     9e-22   73.0   9.5   1.1   1   0   0   1   1   1   1 Kunitz-type protease inhibitor 3 OS=Homo sapiens OX=9606 GN=SPINT3 PE=1 SV=3
sp|Q9DA01|EPPI_MOUSE      -          pdb_kunitz_msa22_clean -            7.3e-22   73.3   9.0   7.3e-22   73.3   9.0   1.8   2   0   0   2   2   1   1 Eppin OS=Mus musculus OX=10090 GN=Eppin PE=1 SV=1
sp|P0DN16|VKTC_ANEVI      -          pdb_kunitz_msa22_clean -            7.4e-22   73.3  11.8   8.9e-22   73.0  11.8   1.1   1   0   0   1   1   1   1 U-actitoxin-Avd3o OS=Anemonia viridis OX=51769 PE=3 SV=1
sp|D2Y489|VKT1B_CONCL     -          pdb_kunitz_msa22_clean -            7.5e-22   73.3   4.6     8e-22   73.2   4.6   1.0   1   0   0   1   1   1   1 Kunitz-type serine protease inhibitor conotoxin Cal9.1b (Fragment) OS=Californiconus californicus OX=1736779 PE=2 SV=1
sp|D2Y491|VKT1D_CONCL     -          pdb_kunitz_msa22_clean -            9.3e-22   73.0   4.9     1e-21   72.9   4.9   1.0   1   0   0   1   1   1   1 Kunitz-type serine protease inhibitor conotoxin Cal9.1d (Fragment) OS=Californiconus californicus OX=1736779 PE=2 SV=1
sp|P0DJ49|VKT24_OLIMR     -          pdb_kunitz_msa22_clean -            1.5e-21   72.3   7.3   1.7e-21   72.2   7.3   1.0   1   0   0   1   1   1   1 Kunitz-type serine protease inhibitor BmKTT-1 OS=Olivierus martensii OX=34649 PE=3 SV=1
sp|P00983|MAMB7_DENPO     -          pdb_kunitz_msa22_clean -            1.7e-21   72.1   6.7   1.8e-21   72.1   6.7   1.0   1   0   0   1   1   1   1 Mambaquaretin-7 OS=Dendroaspis polylepis polylepis OX=8620 PE=1 SV=1
sp|Q9BDL1|EPPI_MACMU      -          pdb_kunitz_msa22_clean -            1.8e-21   72.1   8.9   1.8e-21   72.1   8.9   1.6   2   0   0   2   2   1   1 Eppin OS=Macaca mulatta OX=9544 GN=EPPIN PE=2 SV=1
sp|D2Y490|VKT1C_CONCL     -          pdb_kunitz_msa22_clean -            1.9e-21   72.0   5.5     2e-21   71.9   5.5   1.0   1   0   0   1   1   1   1 Kunitz-type serine protease inhibitor conotoxin Cal9.1c (Fragment) OS=Californiconus californicus OX=1736779 PE=2 SV=1
sp|P16344|VKT2A_RADCR     -          pdb_kunitz_msa22_clean -            2.6e-21   71.6   2.4   2.9e-21   71.4   2.4   1.0   1   0   0   1   1   1   1 PI-stichotoxin-Hcr2a OS=Radianthus crispa OX=3122430 PE=1 SV=1
sp|P26227|HTIB_MANSE      -          pdb_kunitz_msa22_clean -            3.3e-21   71.2   3.1   3.5e-21   71.1   3.1   1.0   1   0   0   1   1   1   1 Hemolymph trypsin inhibitor B (Fragment) OS=Manduca sexta OX=7130 PE=1 SV=1
sp|B5L5Q6|VKT5_OXYMI      -          pdb_kunitz_msa22_clean -            8.5e-21   69.9   2.0   9.6e-21   69.7   2.0   1.0   1   0   0   1   1   1   1 Kunitz-type serine protease inhibitor microlepidin-5 OS=Oxyuranus microlepidotus OX=111177 PE=3 SV=1
sp|Q1RPS9|VKTH5_BUNMU     -          pdb_kunitz_msa22_clean -            1.1e-20   69.6  11.0   1.3e-20   69.3  11.0   1.1   1   0   0   1   1   1   1 Kunitz-type serine protease inhibitor homolog beta-bungarotoxin B5 chain OS=Bungarus multicinctus OX=8616 PE=3 SV=1
sp|P68425|VKT1A_CYRSC     -          pdb_kunitz_msa22_clean -            1.5e-20   69.1   8.0   1.8e-20   68.8   8.0   1.1   1   0   0   1   1   1   1 Kunitz-type kappaPI-theraphotoxin-Hs1a OS=Cyriopagopus schmidti OX=29017 PE=1 SV=2
sp|P0DJ47|VKT12_OLIMR     -          pdb_kunitz_msa22_clean -            1.7e-20   68.9  11.5     2e-20   68.7  11.5   1.0   1   0   0   1   1   1   1 Kunitz-type serine protease inhibitor BmKTT-3 OS=Olivierus martensii OX=34649 PE=2 SV=1
sp|B2ZBB6|VKT11_CYRSC     -          pdb_kunitz_msa22_clean -            2.3e-20   68.5   8.3   2.8e-20   68.3   8.3   1.1   1   0   0   1   1   1   1 Kunitz-type kappaPI-theraphotoxin-Hs1b OS=Cyriopagopus schmidti OX=29017 PE=3 SV=1
sp|Q1RPS8|VKTH6_BUNMU     -          pdb_kunitz_msa22_clean -            2.4e-20   68.4  10.2   2.9e-20   68.2  10.2   1.1   1   0   0   1   1   1   1 Kunitz-type serine protease inhibitor homolog beta-bungarotoxin B6 chain OS=Bungarus multicinctus OX=8616 PE=3 SV=1
sp|P0DJ66|VKT17_CYRHA     -          pdb_kunitz_msa22_clean -              3e-20   68.2   9.6   4.5e-20   67.6   9.6   1.3   1   0   0   1   1   1   1 Kunitz-type serine protease inhibitor HNTX-03141017 (Fragment) OS=Cyriopagopus hainanus OX=209901 PE=2 SV=1
sp|P10832|ISC2_BOMMO      -          pdb_kunitz_msa22_clean -            3.3e-20   68.0   8.3   3.6e-20   67.9   8.3   1.1   1   0   0   1   1   1   1 Chymotrypsin inhibitor SCI-II OS=Bombyx mori OX=7091 PE=1 SV=1
sp|D2Y2Q7|VKTP1_CYRHA     -          pdb_kunitz_msa22_clean -            2.2e-19   65.4   5.8   2.9e-19   65.0   5.8   1.1   1   0   0   1   1   1   1 Kunitz-type U15-theraphotoxin-Hhn1p OS=Cyriopagopus hainanus OX=209901 PE=3 SV=1
sp|D2Y2Q9|VKTR1_CYRHA     -          pdb_kunitz_msa22_clean -            2.3e-19   65.3   7.2   2.8e-19   65.1   7.2   1.1   1   0   0   1   1   1   1 Kunitz-type U15-theraphotoxin-Hhn1r OS=Cyriopagopus hainanus OX=209901 PE=3 SV=1
sp|D2Y2G1|VKTJ1_CYRHA     -          pdb_kunitz_msa22_clean -            2.4e-19   65.3   6.4   3.2e-19   64.9   6.4   1.1   1   0   0   1   1   1   1 Kunitz-type U15-theraphotoxin-Hhn1j OS=Cyriopagopus hainanus OX=209901 PE=3 SV=1
sp|D2Y2Q8|VKTQ1_CYRHA     -          pdb_kunitz_msa22_clean -            3.3e-19   64.8   6.1   4.4e-19   64.4   6.1   1.1   1   0   0   1   1   1   1 Kunitz-type U15-theraphotoxin-Hhn1q OS=Cyriopagopus hainanus OX=209901 PE=3 SV=1
sp|B5L5Q3|IVBS5_OXYSC     -          pdb_kunitz_msa22_clean -            4.3e-19   64.5   1.4   4.8e-19   64.3   1.4   1.0   1   0   0   1   1   1   1 Scutellin-5 OS=Oxyuranus scutellatus scutellatus OX=8667 PE=3 SV=1
sp|Q8AY46|VKTHB_BUNCA     -          pdb_kunitz_msa22_clean -            6.2e-19   63.9   8.3   7.4e-19   63.7   8.3   1.1   1   0   0   1   1   1   1 Kunitz-type serine protease inhibitor homolog beta-bungarotoxin B1 chain OS=Bungarus candidus OX=92438 PE=2 SV=2
sp|D2Y2Q1|VKTL1_CYRHA     -          pdb_kunitz_msa22_clean -            8.4e-19   63.5   6.8   1.1e-18   63.1   6.8   1.1   1   0   0   1   1   1   1 Kunitz-type U15-theraphotoxin-Hhn1l OS=Cyriopagopus hainanus OX=209901 PE=3 SV=1
sp|P0DJ82|VKT27_CYRSC     -          pdb_kunitz_msa22_clean -              9e-19   63.4   9.9   1.1e-18   63.2   9.9   1.1   1   0   0   1   1   1   1 Kunitz-type kappaPI-theraphotoxin-Hs1c OS=Cyriopagopus schmidti OX=29017 PE=3 SV=1
sp|B2ZBC0|VKTG9_CYRSC     -          pdb_kunitz_msa22_clean -            1.8e-18   62.5   3.0   2.2e-18   62.2   3.0   1.1   1   0   0   1   1   1   1 Kunitz-type U15-theraphotoxin-Hs1c OS=Cyriopagopus schmidti OX=29017 PE=3 SV=1
sp|P00987|VKTH1_BUNMU     -          pdb_kunitz_msa22_clean -            2.4e-18   62.1   8.6   2.8e-18   61.8   8.6   1.1   1   0   0   1   1   1   1 Kunitz-type serine protease inhibitor homolog beta-bungarotoxin B1 chain, major component OS=Bungarus multicinctus OX=8616 PE=1 SV=2
sp|C0HLB0|MAMB9_DENVI     -          pdb_kunitz_msa22_clean -            3.1e-18   61.7   9.4   3.2e-18   61.6   9.4   1.0   1   0   0   1   1   1   1 Mambaquaretin-9 OS=Dendroaspis viridis OX=8621 PE=1 SV=1
sp|D2Y2Q6|VKTO1_CYRHA     -          pdb_kunitz_msa22_clean -              6e-18   60.8   4.5     8e-18   60.4   4.5   1.1   1   0   0   1   1   1   1 Kunitz-type U15-theraphotoxin-Hhn1o OS=Cyriopagopus hainanus OX=209901 PE=3 SV=1
sp|P0DJ79|VKT13_CYRSC     -          pdb_kunitz_msa22_clean -            6.4e-18   60.7   3.2   7.8e-18   60.4   3.2   1.1   1   0   0   1   1   1   1 Kunitz-type U15-theraphotoxin-Hs1d OS=Cyriopagopus schmidti OX=29017 PE=3 SV=1
sp|P0DJ85|VKT45_CYRSC     -          pdb_kunitz_msa22_clean -            6.6e-18   60.7   2.0     8e-18   60.4   2.0   1.1   1   0   0   1   1   1   1 Kunitz-type U15-theraphotoxin-Hs1f OS=Cyriopagopus schmidti OX=29017 PE=3 SV=1
sp|P0DJ80|VKT22_CYRSC     -          pdb_kunitz_msa22_clean -              7e-18   60.6   3.4   8.6e-18   60.3   3.4   1.1   1   0   0   1   1   1   1 Kunitz-type U15-theraphotoxin-Hs1a OS=Cyriopagopus schmidti OX=29017 PE=3 SV=1
sp|B2ZBB8|VKT33_CYRSC     -          pdb_kunitz_msa22_clean -              7e-18   60.6   3.4   8.6e-18   60.3   3.4   1.1   1   0   0   1   1   1   1 Kunitz-type U15-theraphotoxin-Hs1a OS=Cyriopagopus schmidti OX=29017 PE=3 SV=1
sp|P0DJ75|VKT2_CYRSC      -          pdb_kunitz_msa22_clean -              7e-18   60.6   3.4   8.6e-18   60.3   3.4   1.1   1   0   0   1   1   1   1 Kunitz-type U15-theraphotoxin-Hs1a OS=Cyriopagopus schmidti OX=29017 PE=3 SV=1
sp|P0DJ78|VKT6_CYRSC      -          pdb_kunitz_msa22_clean -              7e-18   60.6   3.4   8.6e-18   60.3   3.4   1.1   1   0   0   1   1   1   1 Kunitz-type U15-theraphotoxin-Hs1a OS=Cyriopagopus schmidti OX=29017 PE=3 SV=1
sp|P0DJ67|VKT34_CYRHA     -          pdb_kunitz_msa22_clean -            1.6e-17   59.4   3.5   1.9e-17   59.1   3.5   1.1   1   0   0   1   1   1   1 Kunitz-type U15-theraphotoxin-Hhn1c OS=Cyriopagopus hainanus OX=209901 PE=3 SV=1
sp|D2Y2F6|VKTE1_CYRHA     -          pdb_kunitz_msa22_clean -            1.7e-17   59.4   3.9     2e-17   59.1   3.9   1.1   1   0   0   1   1   1   1 Kunitz-type U15-theraphotoxin-Hhn1e OS=Cyriopagopus hainanus OX=209901 PE=3 SV=1
sp|P0DJ72|VKT68_CYRHA     -          pdb_kunitz_msa22_clean -            1.7e-17   59.4   3.9     2e-17   59.1   3.9   1.1   1   0   0   1   1   1   1 Kunitz-type U15-theraphotoxin-Hhn1e OS=Cyriopagopus hainanus OX=209901 PE=3 SV=1
sp|Q63870|CO7A1_MOUSE     -          pdb_kunitz_msa22_clean -            1.8e-17   59.3   1.6   3.5e-17   58.3   1.6   1.4   1   0   0   1   1   1   1 Collagen alpha-1(VII) chain OS=Mus musculus OX=10090 GN=Col7a1 PE=1 SV=3
sp|D2Y2F5|VKT4_CYRHA      -          pdb_kunitz_msa22_clean -            2.2e-17   59.0   4.8   2.7e-17   58.7   4.8   1.1   1   0   0   1   1   1   1 Kunitz-type U15-theraphotoxin-Hhn1d OS=Cyriopagopus hainanus OX=209901 PE=3 SV=1
sp|P0DJ74|VKT76_CYRHA     -          pdb_kunitz_msa22_clean -            2.2e-17   59.0   4.9   2.8e-17   58.6   4.9   1.1   1   0   0   1   1   1   1 Kunitz-type serine protease inhibitor HNTX-0109076 (Fragment) OS=Cyriopagopus hainanus OX=209901 PE=2 SV=1
sp|Q2UY11|COSA1_MOUSE     -          pdb_kunitz_msa22_clean -            2.7e-17   58.7   6.1   4.9e-17   57.9   6.1   1.4   1   0   0   1   1   1   1 Collagen alpha-1(XXVIII) chain OS=Mus musculus OX=10090 GN=Col28a1 PE=2 SV=1
sp|P0DJ64|VKT31_CYRHA     -          pdb_kunitz_msa22_clean -            6.3e-17   57.5   3.5   7.7e-17   57.2   3.5   1.1   1   0   0   1   1   1   1 U15-Kunitz-type theraphotoxin-Hhn1b OS=Cyriopagopus hainanus OX=209901 PE=3 SV=1
sp|Q6UDR6|SPIT4_HUMAN     -          pdb_kunitz_msa22_clean -            7.4e-17   57.3   5.0   1.1e-16   56.7   5.0   1.3   1   0   0   1   1   1   1 Kunitz-type protease inhibitor 4 OS=Homo sapiens OX=9606 GN=SPINT4 PE=1 SV=1
sp|P0DJ65|VKT7_CYRHA      -          pdb_kunitz_msa22_clean -            1.5e-16   56.3   4.1   1.8e-16   56.0   4.1   1.1   1   0   0   1   1   1   1 Kunitz-type U15-theraphotoxin-Hhn1h OS=Cyriopagopus hainanus OX=209901 PE=3 SV=1
sp|P0DMW9|VKT34_ACTEQ     -          pdb_kunitz_msa22_clean -            5.1e-16   54.6   2.1   5.3e-16   54.5   2.1   1.0   1   0   0   1   1   1   1 Kunitz-type proteinase inhibitor AEPI-IV (Fragment) OS=Actinia equina OX=6106 PE=1 SV=1
sp|P0DJ81|VKT24_CYRSC     -          pdb_kunitz_msa22_clean -            9.7e-16   53.7   1.9   1.2e-15   53.4   1.9   1.1   1   0   0   1   1   1   1 Kunitz-type U15-theraphotoxin-Hs1e OS=Cyriopagopus schmidti OX=29017 PE=3 SV=1
sp|P0DJ68|VKT45_CYRHA     -          pdb_kunitz_msa22_clean -            2.1e-15   52.6   4.6   2.6e-15   52.4   4.6   1.1   1   0   0   1   1   1   1 Kunitz-type U15-theraphotoxin-Hhn1k OS=Cyriopagopus hainanus OX=209901 PE=3 SV=1
sp|Q8IUA0|WFDC8_HUMAN     -          pdb_kunitz_msa22_clean -            2.4e-14   49.2   7.9   2.4e-14   49.2   7.9   2.5   3   0   0   3   3   1   1 WAP four-disulfide core domain protein 8 OS=Homo sapiens OX=9606 GN=WFDC8 PE=1 SV=2
sp|I6VXS1|KUN2_RHIHE      -          pdb_kunitz_msa22_clean -            2.5e-14   49.2   8.9   2.5e-14   49.2   8.9   2.6   3   0   0   3   3   2   1 Anticoagulant protein rhipilin-2 OS=Rhipicephalus haemaphysaloides OX=237073 PE=2 SV=1
sp|Q2ES49|VKT2_DABRR      -          pdb_kunitz_msa22_clean -            5.6e-13   44.9   6.4   6.9e-13   44.6   6.4   1.1   1   0   0   1   1   1   1 Kunitz-type serine protease inhibitor 2 OS=Daboia russelii OX=8707 PE=2 SV=1
sp|P0CAR0|VKTG1_MICPY     -          pdb_kunitz_msa22_clean -            7.9e-12   41.2   1.2     8e-12   41.2   1.2   1.0   1   0   0   1   1   1   1 Kunitz-type serine protease inhibitor G1 (Fragment) OS=Micrurus pyrrhocryptus OX=129468 PE=1 SV=1
sp|P0CH75|VKT25_CYRHA     -          pdb_kunitz_msa22_clean -            1.5e-10   37.1   1.0   1.6e-10   37.0   1.0   1.1   1   0   0   1   1   1   1 Kunitz-type serine protease inhibitor hainantoxin F7-25.66 (Fragment) OS=Cyriopagopus hainanus OX=209901 PE=1 SV=1
sp|Q9BQY6|WFDC6_HUMAN     -          pdb_kunitz_msa22_clean -            1.6e-10   37.0   2.4   1.6e-10   37.0   2.4   1.7   2   0   0   2   2   1   1 WAP four-disulfide core domain protein 6 OS=Homo sapiens OX=9606 GN=WFDC6 PE=1 SV=1
sp|Q11101|YL15_CAEEL      -          pdb_kunitz_msa22_clean -            3.5e-07   26.3   6.7     1e-06   24.8   6.7   1.9   1   0   0   1   1   1   1 BPTI/Kunitz inhibitor domain-containing protein C02F12.5 OS=Caenorhabditis elegans OX=6239 GN=C02F12.5 PE=1 SV=3
sp|O62247|BLI5_CAEEL      -          pdb_kunitz_msa22_clean -            0.00046   16.3   0.4    0.0014   14.7   0.4   2.0   1   0   0   1   1   1   1 Kunitz-type protein bli-5 OS=Caenorhabditis elegans OX=6239 GN=bli-5 PE=1 SV=1
sp|D3GGZ8|BLI5_HAECO      -          pdb_kunitz_msa22_clean -               0.01   12.0   0.3      0.01   12.0   0.3   2.1   2   0   0   2   2   1   0 Kunitz-type protein bli-5 OS=Haemonchus contortus OX=6289 GN=bli-5 PE=3 SV=1
#
# Program:         hmmsearch
# Version:         3.4 (Aug 2023)
# Pipeline mode:   SEARCH
# Query file:      pdb_kunitz_22.hmm
# Target file:     pos_2.fasta
# Option settings: hmmsearch --tblout pos_2.out --max -Z 1000 pdb_kunitz_22.hmm pos_2.fasta 
# Current dir:     /Users/biocca/KUNITZ_PROJECT
# Date:            Fri May 16 22:44:24 2025
# [ok]
