#                                                                     --- full sequence ---- --- best 1 domain ---- --- domain number estimation ----
# target name            accession  query name             accession    E-value  score  bias   E-value  score  bias   exp reg clu  ov env dom rep inc description of target
#    ------------------- ----------   -------------------- ---------- --------- ------ ----- --------- ------ -----   --- --- --- --- --- --- --- --- ---------------------
sp|Q868Z9|PPN_DROME      -          pdb_kunitz_msa22_clean -           1.1e-196  633.2 183.2   7.8e-20   66.8   6.1  14.2  13   1   1  14  14  12  12 Papilin OS=Drosophila melanogaster OX=7227 GN=Ppn PE=1 SV=2
sp|O76840|PPN1_CAEEL     -          pdb_kunitz_msa22_clean -           8.4e-183  588.7 148.5   2.2e-20   68.6   4.7  13.5  12   1   1  13  13  11  11 Papilin OS=Caenorhabditis elegans OX=6239 GN=mig-6 PE=1 SV=1
sp|P86733|KCP_HALAI      -          pdb_kunitz_msa22_clean -            6.4e-49  160.0  20.9   2.8e-25   84.2   6.2   2.0   2   0   0   2   2   2   2 BPTI/Kunitz domain-containing protein (Fragment) OS=Haliotis asinina OX=109174 PE=1 SV=1
sp|Q6T269|VKT3_BITGA     -          pdb_kunitz_msa22_clean -            9.8e-47  153.0  27.5   6.2e-24   80.0   9.6   3.0   1   1   2   3   3   3   2 Kunitz-type serine protease inhibitor bitisilin-3 (Fragment) OS=Bitis gabonica OX=8694 PE=2 SV=1
sp|Q8WPI3|KUNIG_RHIMP    -          pdb_kunitz_msa22_clean -              6e-46  150.5  22.6   7.8e-26   86.0   7.6   2.1   2   0   0   2   2   2   2 Boophilin-G2 OS=Rhipicephalus microplus OX=6941 PE=1 SV=1
sp|C0HMC7|KUN_HAEDO      -          pdb_kunitz_msa22_clean -              1e-44  146.5  25.8   1.1e-26   88.8   7.5   2.1   2   0   0   2   2   2   2 Doenitin-1 OS=Haemaphysalis doenitzi OX=1048531 PE=2 SV=1
sp|Q9WU03|SPIT2_MOUSE    -          pdb_kunitz_msa22_clean -            1.2e-44  146.3  18.1   2.6e-24   81.2   3.1   2.2   2   0   0   2   2   2   2 Kunitz-type protease inhibitor 2 OS=Mus musculus OX=10090 GN=Spint2 PE=1 SV=1
sp|P04365|IATR_HORSE     -          pdb_kunitz_msa22_clean -            6.1e-43  140.8  19.5   2.4e-22   74.8   5.9   2.0   1   1   1   2   2   2   2 Inter-alpha-trypsin inhibitor (Fragment) OS=Equus caballus OX=9796 PE=1 SV=2
sp|Q9R097|SPIT1_MOUSE    -          pdb_kunitz_msa22_clean -            7.7e-41  134.1  25.5     4e-22   74.1   6.5   2.6   2   0   0   2   2   2   2 Kunitz-type protease inhibitor 1 OS=Mus musculus OX=10090 GN=Spint1 PE=1 SV=2
sp|Q60559|AMBP_MESAU     -          pdb_kunitz_msa22_clean -            7.5e-40  130.9  21.7   4.9e-21   70.7   6.2   2.3   1   1   1   2   2   2   2 Protein AMBP OS=Mesocricetus auratus OX=10036 GN=AMBP PE=1 SV=1
sp|B2BS84|VKT_AUSLA      -          pdb_kunitz_msa22_clean -            1.3e-39  130.1  19.4   1.8e-20   68.9   5.6   2.2   2   0   0   2   2   2   2 Putative Kunitz-type serine protease inhibitor OS=Austrelaps labialis OX=471292 PE=2 SV=1
sp|P62756|IATR_CAPHI     -          pdb_kunitz_msa22_clean -            1.5e-39  130.0  23.2   2.2e-21   71.8   5.5   2.0   1   1   1   2   2   2   2 Inter-alpha-trypsin inhibitor (Fragment) OS=Capra hircus OX=9925 PE=1 SV=1
sp|Q08E66|WFKN2_BOVIN    -          pdb_kunitz_msa22_clean -            5.5e-39  128.2  14.7     2e-24   81.5   3.4   3.0   2   0   0   2   2   2   2 WAP, Kazal, immunoglobulin, Kunitz and NTR domain-containing protein 2 OS=Bos taurus OX=9913 GN=WFIKKN2 PE=2 SV=1
sp|Q07456|AMBP_MOUSE     -          pdb_kunitz_msa22_clean -            1.7e-38  126.6  22.8   6.8e-21   70.2   7.1   2.4   1   1   1   2   2   2   2 Protein AMBP OS=Mus musculus OX=10090 GN=Ambp PE=1 SV=2
sp|P83609|BMTIA_RHIMP    -          pdb_kunitz_msa22_clean -            4.6e-38  125.2  18.4   1.8e-20   68.8   2.5   2.0   2   0   0   2   2   2   2 Kunitz-type serine protease inhibitor A (Fragments) OS=Rhipicephalus microplus OX=6941 PE=1 SV=2
sp|Q64240|AMBP_RAT       -          pdb_kunitz_msa22_clean -            5.6e-38  124.9  23.9   1.8e-20   68.8   6.8   2.3   1   1   1   2   2   2   2 Protein AMBP OS=Rattus norvegicus OX=10116 GN=Ambp PE=1 SV=1
sp|Q7TQN3|WFKN2_MOUSE    -          pdb_kunitz_msa22_clean -            4.8e-37  121.9  10.9   5.4e-24   80.1   2.0   3.0   2   0   0   2   2   2   2 WAP, Kazal, immunoglobulin, Kunitz and NTR domain-containing protein 2 OS=Mus musculus OX=10090 GN=Wfikkn2 PE=1 SV=2
sp|Q8TEU8|WFKN2_HUMAN    -          pdb_kunitz_msa22_clean -            1.2e-33  111.1  21.6   5.2e-23   77.0   4.8   3.2   3   0   0   3   3   2   2 WAP, Kazal, immunoglobulin, Kunitz and NTR domain-containing protein 2 OS=Homo sapiens OX=9606 GN=WFIKKN2 PE=1 SV=1
sp|P0DMJ6|VKT12_DENAN    -          pdb_kunitz_msa22_clean -            1.9e-28   94.4   6.2     2e-28   94.3   6.2   1.0   1   0   0   1   1   1   1 Kunitz-type serine protease inhibitor dendrotoxin DaE1 OS=Dendroaspis angusticeps OX=8618 PE=1 SV=1
sp|Q96NZ8|WFKN1_HUMAN    -          pdb_kunitz_msa22_clean -            3.3e-28   93.6   4.0     1e-20   69.6   0.6   2.8   2   0   0   2   2   2   2 WAP, Kazal, immunoglobulin, Kunitz and NTR domain-containing protein 1 OS=Homo sapiens OX=9606 GN=WFIKKN1 PE=1 SV=1
sp|P0DV05|VKT2O_RADCR    -          pdb_kunitz_msa22_clean -            3.8e-28   93.5   3.3     4e-28   93.4   3.3   1.0   1   0   0   1   1   1   1 PI-stichotoxin-Hcr2o OS=Radianthus crispa OX=3122430 PE=3 SV=1
sp|Q6T6T5|VKT1_BITGA     -          pdb_kunitz_msa22_clean -            3.8e-28   93.4   8.7   4.4e-28   93.2   8.7   1.1   1   0   0   1   1   1   1 Kunitz-type serine protease inhibitor bitisilin-1 OS=Bitis gabonica OX=8694 PE=1 SV=1
sp|P0DMW7|VKT3B_ACTEQ    -          pdb_kunitz_msa22_clean -            4.2e-28   93.3   9.1   4.4e-28   93.2   9.1   1.0   1   0   0   1   1   1   1 PI-actitoxin-Aeq3b OS=Actinia equina OX=6106 PE=1 SV=1
sp|P0DMW6|VKT3A_ACTEQ    -          pdb_kunitz_msa22_clean -              6e-28   92.8  10.1   6.3e-28   92.7  10.1   1.0   1   0   0   1   1   1   1 PI-actitoxin-Aeq3a OS=Actinia equina OX=6106 PE=1 SV=1
sp|P04815|BPT2_BOVIN     -          pdb_kunitz_msa22_clean -              7e-28   92.6   8.2   9.3e-28   92.2   8.2   1.2   1   0   0   1   1   1   1 Spleen trypsin inhibitor I OS=Bos taurus OX=9913 PE=1 SV=2
sp|Q90W98|VKT4_PSETT     -          pdb_kunitz_msa22_clean -            7.7e-28   92.5   6.8   8.7e-28   92.3   6.8   1.0   1   0   0   1   1   1   1 Kunitz-type serine protease inhibitor textilinin-4 OS=Pseudonaja textilis textilis OX=169397 PE=2 SV=1
sp|Q2ES47|VKT4_DABRR     -          pdb_kunitz_msa22_clean -            8.3e-28   92.4   6.5   9.5e-28   92.2   6.5   1.0   1   0   0   1   1   1   1 Kunitz-type serine protease inhibitor 4 OS=Daboia russelii OX=8707 PE=2 SV=1
sp|F8J2F3|VKT28_DRYCN    -          pdb_kunitz_msa22_clean -            8.5e-28   92.3   5.5   9.7e-28   92.1   5.5   1.0   1   0   0   1   1   1   1 Kunitz-type serine protease inhibitor 28 OS=Drysdalia coronoides OX=66186 PE=1 SV=1
sp|C0HK74|3CPI_HETMG     -          pdb_kunitz_msa22_clean -            1.1e-27   92.0   4.3   1.1e-27   92.0   4.3   1.0   1   0   0   1   1   1   1 PI-stichotoxin-Hmg3c OS=Heteractis magnifica OX=38281 PE=1 SV=1
sp|B5KL39|VKT2_AUSSU     -          pdb_kunitz_msa22_clean -            1.1e-27   92.0   5.1   1.2e-27   91.8   5.1   1.0   1   0   0   1   1   1   1 Kunitz-type serine protease inhibitor superbin-2 OS=Austrelaps superbus OX=29156 PE=2 SV=1
sp|Q9TWG0|VKT1_ANESU     -          pdb_kunitz_msa22_clean -            1.2e-27   91.9   5.4   1.4e-27   91.6   5.4   1.0   1   0   0   1   1   1   1 KappaPI-actitoxin-Avd3b OS=Anemonia sulcata OX=6108 PE=1 SV=1
sp|Q2ES46|VKT5_DABRR     -          pdb_kunitz_msa22_clean -            1.2e-27   91.8   6.2   1.4e-27   91.6   6.2   1.1   1   0   0   1   1   1   1 Kunitz-type serine protease inhibitor 5 OS=Daboia russelii OX=8707 PE=2 SV=1
sp|C0HJU7|VKT2G_RADCR    -          pdb_kunitz_msa22_clean -            1.6e-27   91.5   4.1   1.7e-27   91.4   4.1   1.0   1   0   0   1   1   1   1 PI-stichotoxin-Hcr2g OS=Radianthus crispa OX=3122430 PE=1 SV=1
sp|C0HK72|3API_HETMG     -          pdb_kunitz_msa22_clean -            1.6e-27   91.5   4.1   1.7e-27   91.4   4.1   1.0   1   0   0   1   1   1   1 PI-stichotoxin-Hmg3a OS=Heteractis magnifica OX=38281 PE=1 SV=1
sp|Q6ITB0|VKT1_TROCA     -          pdb_kunitz_msa22_clean -            2.1e-27   91.0   6.4   2.4e-27   90.9   6.4   1.0   1   0   0   1   1   1   1 Kunitz-type serine protease inhibitor carinatin-1 OS=Tropidechis carinatus OX=100989 PE=2 SV=1
sp|P10280|VKT52_ANESU    -          pdb_kunitz_msa22_clean -            2.2e-27   91.0   6.9   2.4e-27   90.9   6.9   1.0   1   0   0   1   1   1   1 KappaPI-actitoxin-Avd3a OS=Anemonia sulcata OX=6108 PE=1 SV=2
sp|P0DV04|VKT2N_RADCR    -          pdb_kunitz_msa22_clean -            2.2e-27   91.0   5.5   2.4e-27   90.9   5.5   1.0   1   0   0   1   1   1   1 PI-stichotoxin-Hcr2n OS=Radianthus crispa OX=3122430 PE=3 SV=1
sp|B5G6G6|VKT2_PSEPO     -          pdb_kunitz_msa22_clean -            2.3e-27   91.0   6.7   2.6e-27   90.8   6.7   1.0   1   0   0   1   1   1   1 Kunitz-type serine protease inhibitor blackelin-2 OS=Pseudechis porphyriacus OX=8671 PE=2 SV=1
sp|B5KF96|VKT2_CRYNI     -          pdb_kunitz_msa22_clean -            2.4e-27   90.9   6.2   2.7e-27   90.7   6.2   1.0   1   0   0   1   1   1   1 Kunitz-type serine protease inhibitor nigrescinin-2 OS=Cryptophis nigrescens OX=292442 PE=2 SV=1
sp|B6RLX2|VKTCT_OPHHA    -          pdb_kunitz_msa22_clean -            2.9e-27   90.6   6.8   3.3e-27   90.4   6.8   1.0   1   0   0   1   1   1   1 Kunitz-type serine protease inhibitor TCI OS=Ophiophagus hannah OX=8665 PE=1 SV=1
sp|C0HLA5|MAMB2_DENVI    -          pdb_kunitz_msa22_clean -            2.9e-27   90.6   9.4   3.1e-27   90.5   9.4   1.0   1   0   0   1   1   1   1 Mambaquaretin-2 OS=Dendroaspis viridis OX=8621 PE=1 SV=1
sp|C0HLA7|MAMB4_DENVI    -          pdb_kunitz_msa22_clean -            2.9e-27   90.6   9.1   3.1e-27   90.5   9.1   1.0   1   0   0   1   1   1   1 Mambaquaretin-4 OS=Dendroaspis viridis OX=8621 PE=1 SV=1
sp|F8J2F5|VKT87_DRYCN    -          pdb_kunitz_msa22_clean -            3.1e-27   90.5   6.0   3.5e-27   90.3   6.0   1.0   1   0   0   1   1   1   1 Kunitz-type serine protease inhibitor 87 OS=Drysdalia coronoides OX=66186 PE=1 SV=1
sp|C1IC50|VKT1_WALAE     -          pdb_kunitz_msa22_clean -            4.4e-27   90.0   5.5     5e-27   89.9   5.5   1.0   1   0   0   1   1   1   1 Protease inhibitor 1 OS=Walterinnesia aegyptia OX=64182 PE=1 SV=1
sp|C0HLA6|MAMB3_DENPO    -          pdb_kunitz_msa22_clean -            5.2e-27   89.8  10.0   5.5e-27   89.7  10.0   1.0   1   0   0   1   1   1   1 Mambaquaretin-3 OS=Dendroaspis polylepis polylepis OX=8620 PE=1 SV=1
sp|C0HK73|3BPI_HETMG     -          pdb_kunitz_msa22_clean -            5.2e-27   89.8   3.2   5.5e-27   89.7   3.2   1.0   1   0   0   1   1   1   1 PI-stichotoxin-Hmg3b OS=Heteractis magnifica OX=38281 PE=1 SV=1
sp|B5KL40|VKT3_AUSSU     -          pdb_kunitz_msa22_clean -            5.6e-27   89.7   7.3   6.4e-27   89.5   7.3   1.0   1   0   0   1   1   1   1 Kunitz-type serine protease inhibitor superbin-3 OS=Austrelaps superbus OX=29156 PE=2 SV=1
sp|P0DN11|VKT7_ANEVI     -          pdb_kunitz_msa22_clean -            7.7e-27   89.3   5.7   9.6e-27   89.0   5.7   1.1   1   0   0   1   1   1   1 U-actitoxin-Avd3j OS=Anemonia viridis OX=51769 PE=3 SV=1
sp|P0DV03|VKT2M_RADCR    -          pdb_kunitz_msa22_clean -            8.6e-27   89.1   3.7     9e-27   89.0   3.7   1.0   1   0   0   1   1   1   1 PI-stichotoxin-Hcr2m OS=Radianthus crispa OX=3122430 PE=3 SV=1
sp|Q6ITC0|VKT2_PSEAU     -          pdb_kunitz_msa22_clean -              1e-26   88.9   5.3   1.2e-26   88.7   5.3   1.0   1   0   0   1   1   1   1 Kunitz-type serine protease inhibitor mulgin-2 OS=Pseudechis australis OX=8670 PE=2 SV=1
sp|P00981|VKTHK_DENPO    -          pdb_kunitz_msa22_clean -            1.1e-26   88.7   4.9   1.4e-26   88.5   4.9   1.0   1   0   0   1   1   1   1 Kunitz-type serine protease inhibitor homolog dendrotoxin K (Fragment) OS=Dendroaspis polylepis polylepis OX=8620 PE=1 SV=2
sp|P0DN12|VKT8_ANEVI     -          pdb_kunitz_msa22_clean -            1.3e-26   88.6   5.7   1.5e-26   88.3   5.7   1.1   1   0   0   1   1   1   1 U-actitoxin-Avd3k OS=Anemonia viridis OX=51769 PE=3 SV=1
sp|A8Y7N9|VKTC6_DABSI    -          pdb_kunitz_msa22_clean -            1.6e-26   88.3   8.9   1.9e-26   88.0   8.9   1.1   1   0   0   1   1   1   1 Kunitz-type serine protease inhibitor C6 OS=Daboia siamensis OX=343250 PE=2 SV=1
sp|C0HJF3|VKT2D_RADCR    -          pdb_kunitz_msa22_clean -            1.6e-26   88.2   5.7   1.7e-26   88.1   5.7   1.0   1   0   0   1   1   1   1 TauPI-stichotoxin-Hcr2d OS=Radianthus crispa OX=3122430 PE=1 SV=1
sp|Q9TWF9|VKT2_ANESU     -          pdb_kunitz_msa22_clean -            2.1e-26   87.9   6.3   2.4e-26   87.7   6.3   1.0   1   0   0   1   1   1   1 KappaPI-actitoxin-Avd3c OS=Anemonia sulcata OX=6108 PE=1 SV=1
sp|P0DN13|VKT9_ANEVI     -          pdb_kunitz_msa22_clean -            2.8e-26   87.4   6.9   3.4e-26   87.2   6.9   1.1   1   0   0   1   1   1   1 U-actitoxin-Avd3l OS=Anemonia viridis OX=51769 PE=3 SV=1
sp|C1IC51|VKT3_WALAE     -          pdb_kunitz_msa22_clean -              3e-26   87.4   4.9   3.5e-26   87.2   4.9   1.1   1   0   0   1   1   1   1 Protease inhibitor 3 OS=Walterinnesia aegyptia OX=64182 PE=3 SV=1
sp|Q8T3S7|VKT1_ARAVE     -          pdb_kunitz_msa22_clean -            3.1e-26   87.3   6.1   3.7e-26   87.1   6.1   1.1   1   0   0   1   1   1   1 Kunitz-type U1-aranetoxin-Av1a OS=Araneus ventricosus OX=182803 PE=3 SV=1
sp|A6MFL4|VKT4_DEMVE     -          pdb_kunitz_msa22_clean -            3.2e-26   87.3   7.5   3.6e-26   87.1   7.5   1.0   1   0   0   1   1   1   1 Kunitz-type serine protease inhibitor vestiginin-4 OS=Demansia vestigiata OX=412038 PE=2 SV=1
sp|B5L5R4|IVBI4_NOTSC    -          pdb_kunitz_msa22_clean -            3.4e-26   87.2   4.6   3.9e-26   87.0   4.6   1.0   1   0   0   1   1   1   1 Tigerin-4 OS=Notechis scutatus scutatus OX=70142 PE=3 SV=1
sp|Q964Q0|IXOSP_IXOSC    -          pdb_kunitz_msa22_clean -            3.4e-26   87.2  13.5   4.7e-22   73.9   2.8   2.3   2   0   0   2   2   2   2 Ixolaris OS=Ixodes scapularis OX=6945 PE=1 SV=1
sp|B5KL38|VKT1_AUSSU     -          pdb_kunitz_msa22_clean -            3.5e-26   87.1   5.5     4e-26   87.0   5.5   1.0   1   0   0   1   1   1   1 Kunitz-type serine protease inhibitor superbin-1 OS=Austrelaps superbus OX=29156 PE=2 SV=1
sp|P81902|CSTI_BOMMO     -          pdb_kunitz_msa22_clean -            3.6e-26   87.1   2.7   3.8e-26   87.0   2.7   1.0   1   0   0   1   1   1   1 Trypsin inhibitor OS=Bombyx mori OX=7091 PE=1 SV=1
sp|P81547|VKT1_ANTAF     -          pdb_kunitz_msa22_clean -              4e-26   87.0   7.4   4.5e-26   86.8   7.4   1.0   1   0   0   1   1   1   1 PI-actitoxin-Axm2a OS=Anthopleura aff. xanthogrammica OX=152178 PE=1 SV=1
sp|E7FL11|VKT1_PSERS     -          pdb_kunitz_msa22_clean -            4.1e-26   86.9   6.4   4.6e-26   86.8   6.4   1.0   1   0   0   1   1   1   1 Kunitz serine protease inhibitor Pr-mulgin 1 OS=Pseudechis rossignolii OX=1489342 PE=1 SV=1
sp|P0DL86|VKT2H_RADCR    -          pdb_kunitz_msa22_clean -            4.3e-26   86.9   6.4   4.5e-26   86.8   6.4   1.0   1   0   0   1   1   1   1 PI-stichotoxin-Hcr2h OS=Radianthus crispa OX=3122430 PE=1 SV=1
sp|B5KL33|VKT2_TROCA     -          pdb_kunitz_msa22_clean -            4.8e-26   86.7   3.2   5.4e-26   86.5   3.2   1.0   1   0   0   1   1   1   1 Kunitz-type serine protease inhibitor carinatin-2 OS=Tropidechis carinatus OX=100989 PE=2 SV=1
sp|A6MFL1|VKT1_DEMVE     -          pdb_kunitz_msa22_clean -              5e-26   86.6   5.6   5.7e-26   86.5   5.6   1.0   1   0   0   1   1   1   1 Kunitz-type serine protease inhibitor vestiginin-1 OS=Demansia vestigiata OX=412038 PE=2 SV=1
sp|B2G331|VKT2B_RADCR    -          pdb_kunitz_msa22_clean -            5.3e-26   86.6   5.2   6.4e-26   86.3   5.2   1.1   1   0   0   1   1   1   1 TauPI-stichotoxin-Hcr2b OS=Radianthus crispa OX=3122430 PE=1 SV=1
sp|P0DV06|VKT2P_RADCR    -          pdb_kunitz_msa22_clean -            6.6e-26   86.3   4.4     7e-26   86.2   4.4   1.0   1   0   0   1   1   1   1 PI-stichotoxin-Hcr2p OS=Radianthus crispa OX=3122430 PE=3 SV=1
sp|Q6ITC1|VKTH1_PSEAU    -          pdb_kunitz_msa22_clean -              7e-26   86.2   6.1   7.9e-26   86.0   6.1   1.0   1   0   0   1   1   1   1 Kunitz-type serine protease inhibitor homolog mulgin-1 OS=Pseudechis australis OX=8670 PE=2 SV=1
sp|B5KF94|VKT1_HOPST     -          pdb_kunitz_msa22_clean -            7.7e-26   86.1   5.1   8.7e-26   85.9   5.1   1.0   1   0   0   1   1   1   1 Kunitz-type serine protease inhibitor stephenin-1 OS=Hoplocephalus stephensii OX=196418 PE=2 SV=1
sp|P0DN10|VKT6_ANEVI     -          pdb_kunitz_msa22_clean -            7.9e-26   86.0   7.7   9.8e-26   85.7   7.7   1.1   1   0   0   1   1   1   1 U-actitoxin-Avd3i OS=Anemonia viridis OX=51769 PE=3 SV=1
sp|B5KL31|VKT3_PSEPO     -          pdb_kunitz_msa22_clean -              1e-25   85.7   5.7   1.1e-25   85.5   5.7   1.0   1   0   0   1   1   1   1 Kunitz-type serine protease inhibitor blackelin-3 OS=Pseudechis porphyriacus OX=8671 PE=2 SV=1
sp|E7FL13|VKT3_PSERS     -          pdb_kunitz_msa22_clean -            1.1e-25   85.6   6.7   1.3e-25   85.4   6.7   1.0   1   0   0   1   1   1   1 Kunitz serine protease inhibitor Pr-mulgin 3 OS=Pseudechis rossignolii OX=1489342 PE=2 SV=1
sp|A8Y7N6|VKTC3_DABSI    -          pdb_kunitz_msa22_clean -            1.4e-25   85.2   8.4   1.6e-25   85.1   8.4   1.0   1   0   0   1   1   1   1 Kunitz-type serine protease inhibitor C3 OS=Daboia siamensis OX=343250 PE=2 SV=1
sp|P25660|VKT9_BUNFA     -          pdb_kunitz_msa22_clean -            1.6e-25   85.0   8.1   1.8e-25   84.8   8.1   1.0   1   0   0   1   1   1   1 Kunitz-type serine protease inhibitor IX OS=Bungarus fasciatus OX=8613 PE=1 SV=1
sp|A8Y7N7|VKTC4_DABSI    -          pdb_kunitz_msa22_clean -            1.8e-25   84.9   8.2   2.1e-25   84.6   8.2   1.1   1   0   0   1   1   1   1 Kunitz-type serine protease inhibitor C4 OS=Daboia siamensis OX=343250 PE=2 SV=1
sp|H2A0P0|KCP5_PINMG     -          pdb_kunitz_msa22_clean -              2e-25   84.7  30.1   1.3e-14   50.1   6.0   2.2   2   0   0   2   2   2   2 BPTI/Kunitz domain-containing protein 5 OS=Margaritifera margaritifera OX=102329 PE=1 SV=1
sp|B5KL30|VKT4_OXYSC     -          pdb_kunitz_msa22_clean -            2.2e-25   84.6   3.3   2.5e-25   84.4   3.3   1.0   1   0   0   1   1   1   1 Kunitz-type serine protease inhibitor scutellin-4 OS=Oxyuranus scutellatus scutellatus OX=8667 PE=2 SV=1
sp|P00976|IBPC_BOVIN     -          pdb_kunitz_msa22_clean -            2.3e-25   84.5   2.9   2.6e-25   84.4   2.9   1.0   1   0   0   1   1   1   1 Colostrum trypsin inhibitor OS=Bos taurus OX=9913 PE=1 SV=2
sp|C1IC53|VKT4_WALAE     -          pdb_kunitz_msa22_clean -            2.6e-25   84.4   8.7   3.2e-25   84.1   8.7   1.1   1   0   0   1   1   1   1 Protease inhibitor 4 OS=Walterinnesia aegyptia OX=64182 PE=1 SV=1
sp|P0DN14|VKTA_ANEVI     -          pdb_kunitz_msa22_clean -            2.8e-25   84.3   8.0   3.5e-25   84.0   8.0   1.1   1   0   0   1   1   1   1 U-actitoxin-Avd3m OS=Anemonia viridis OX=51769 PE=3 SV=1
sp|B2KTG1|VKT_BUNFA      -          pdb_kunitz_msa22_clean -            2.9e-25   84.2   7.5   3.4e-25   84.0   7.5   1.0   1   0   0   1   1   1   1 Kunitz-type serine protease inhibitor bungaruskunin OS=Bungarus fasciatus OX=8613 PE=1 SV=1
sp|A6MFL2|VKT2_DEMVE     -          pdb_kunitz_msa22_clean -            3.5e-25   84.0   6.6   3.9e-25   83.8   6.6   1.0   1   0   0   1   1   1   1 Kunitz-type serine protease inhibitor vestiginin-2 OS=Demansia vestigiata OX=412038 PE=2 SV=1
sp|P00979|VKTH1_DENPO    -          pdb_kunitz_msa22_clean -            4.1e-25   83.7   6.9   4.6e-25   83.6   6.9   1.0   1   0   0   1   1   1   1 Kunitz-type serine protease inhibitor homolog dendrotoxin I OS=Dendroaspis polylepis polylepis OX=8620 PE=1 SV=2
sp|Q8AY41|VKTC_BUNCA     -          pdb_kunitz_msa22_clean -            4.3e-25   83.7   5.9   4.9e-25   83.5   5.9   1.0   1   0   0   1   1   1   1 Kunitz-type serine protease inhibitor C OS=Bungarus candidus OX=92438 PE=2 SV=2
sp|B5KL32|VKT3_NOTSC     -          pdb_kunitz_msa22_clean -            5.4e-25   83.3   7.5   6.2e-25   83.2   7.5   1.0   1   0   0   1   1   1   1 Kunitz-type serine protease inhibitor tigerin-3 OS=Notechis scutatus scutatus OX=70142 PE=2 SV=1
sp|P0C5J5|WFKN1_RAT      -          pdb_kunitz_msa22_clean -            5.6e-25   83.3   2.6   1.2e-20   69.4   0.3   2.9   2   0   0   2   2   2   2 WAP, Kazal, immunoglobulin, Kunitz and NTR domain-containing protein 1 OS=Rattus norvegicus OX=10116 GN=Wfikkn1 PE=2 SV=1
sp|Q8R0S6|WFKN1_MOUSE    -          pdb_kunitz_msa22_clean -            7.8e-25   82.8   3.9   8.9e-21   69.8   0.5   2.9   2   0   0   2   2   2   2 WAP, Kazal, immunoglobulin, Kunitz and NTR domain-containing protein 1 OS=Mus musculus OX=10090 GN=Wfikkn1 PE=2 SV=2
sp|F8J2F6|VKT18_DRYCN    -          pdb_kunitz_msa22_clean -              8e-25   82.8   5.7   9.1e-25   82.6   5.7   1.0   1   0   0   1   1   1   1 Kunitz-type serine protease inhibitor 18 OS=Drysdalia coronoides OX=66186 PE=1 SV=1
sp|A7X3V4|VKT1_TELDH     -          pdb_kunitz_msa22_clean -            1.1e-24   82.3  10.6   1.3e-24   82.1  10.6   1.1   1   0   0   1   1   1   1 Kunitz-type serine protease inhibitor kunitoxin-Tel1 OS=Telescopus dhara OX=338837 PE=2 SV=1
sp|F6ULY1|WFC6B_MOUSE    -          pdb_kunitz_msa22_clean -            1.2e-24   82.2   0.9   2.8e-24   81.1   0.9   1.6   1   0   0   1   1   1   1 WAP four-disulfide core domain protein 6B OS=Mus musculus OX=10090 GN=Wfdc6b PE=2 SV=1
sp|P00990|VKT2_DABSI     -          pdb_kunitz_msa22_clean -            1.2e-24   82.2   8.7   1.3e-24   82.1   8.7   1.0   1   0   0   1   1   1   1 Kunitz-type serine protease inhibitor 2 OS=Daboia siamensis OX=343250 PE=1 SV=1
sp|Q8AY43|VKTA_BUNCA     -          pdb_kunitz_msa22_clean -            1.2e-24   82.2   9.5   1.5e-24   82.0   9.5   1.1   1   0   0   1   1   1   1 Kunitz-type serine protease inhibitor A OS=Bungarus candidus OX=92438 PE=2 SV=2
sp|Q2ES48|VKT3_DABRR     -          pdb_kunitz_msa22_clean -            1.6e-24   81.8   7.4   1.9e-24   81.6   7.4   1.0   1   0   0   1   1   1   1 Kunitz-type serine protease inhibitor 3 OS=Daboia russelii OX=8707 PE=2 SV=1
sp|A8Y7P4|VKTB4_DABSI    -          pdb_kunitz_msa22_clean -            1.7e-24   81.8   6.8   1.9e-24   81.6   6.8   1.0   1   0   0   1   1   1   1 Kunitz-type serine protease inhibitor B4 OS=Daboia siamensis OX=343250 PE=2 SV=1
sp|A8Y7P5|VKTB5_DABSI    -          pdb_kunitz_msa22_clean -            1.8e-24   81.7   6.5   2.1e-24   81.5   6.5   1.1   1   0   0   1   1   1   1 Kunitz-type serine protease inhibitor B5 OS=Daboia siamensis OX=343250 PE=2 SV=1
sp|Q06481|APLP2_HUMAN    -          pdb_kunitz_msa22_clean -              2e-24   81.5   3.2     2e-24   81.5   3.2   2.2   3   0   0   3   3   1   1 Amyloid beta precursor like protein 2 OS=Homo sapiens OX=9606 GN=APLP2 PE=1 SV=2
sp|P0DMX0|VKT3_ANTAF     -          pdb_kunitz_msa22_clean -              2e-24   81.5  12.1   2.4e-24   81.3  12.1   1.0   1   0   0   1   1   1   1 PI-actitoxin-Axm2b OS=Anthopleura aff. xanthogrammica OX=152178 PE=1 SV=1
sp|P15943|APLP2_RAT      -          pdb_kunitz_msa22_clean -            2.1e-24   81.5   3.2   2.1e-24   81.5   3.2   1.9   2   0   0   2   2   1   1 Amyloid beta precursor like protein 2 OS=Rattus norvegicus OX=10116 GN=Aplp2 PE=1 SV=2
sp|P0DN18|VKTE_ANEVI     -          pdb_kunitz_msa22_clean -            2.2e-24   81.4   8.0   2.7e-24   81.1   8.0   1.1   1   0   0   1   1   1   1 U-actitoxin-Avd3q OS=Anemonia viridis OX=51769 PE=3 SV=1
sp|H6VC05|VKTK1_DABRR    -          pdb_kunitz_msa22_clean -            2.6e-24   81.2   9.5     3e-24   81.0   9.5   1.1   1   0   0   1   1   1   1 Kunitz-type serine protease inhibitor DrKIn-I OS=Daboia russelii OX=8707 PE=1 SV=1
sp|Q29428|TKDP1_SHEEP    -          pdb_kunitz_msa22_clean -            3.3e-24   80.8   5.8   5.4e-24   80.1   5.8   1.3   1   0   0   1   1   1   1 Trophoblast Kunitz domain protein 1 OS=Ovis aries OX=9940 GN=TKDP1 PE=2 SV=1
sp|A8Y7P0|VKTB7_DABSI    -          pdb_kunitz_msa22_clean -            4.2e-24   80.5   8.9   4.8e-24   80.3   8.9   1.0   1   0   0   1   1   1   1 Kunitz-type serine protease inhibitor 7 OS=Daboia siamensis OX=343250 PE=2 SV=1
sp|C8YJ95|KUN3_TABYA     -          pdb_kunitz_msa22_clean -            4.6e-24   80.4   8.5   5.1e-24   80.2   8.5   1.0   1   0   0   1   1   1   1 Tabkunin 2 OS=Tabanus yao OX=485572 PE=1 SV=1
sp|B5KL27|VKT3_OXYMI     -          pdb_kunitz_msa22_clean -            4.7e-24   80.3   4.0   5.3e-24   80.2   4.0   1.0   1   0   0   1   1   1   1 Kunitz-type serine protease inhibitor microlepidin-3 OS=Oxyuranus microlepidotus OX=111177 PE=2 SV=1
sp|B5KL29|VKT3_OXYSC     -          pdb_kunitz_msa22_clean -            6.8e-24   79.8   4.3   7.7e-24   79.6   4.3   1.0   1   0   0   1   1   1   1 Kunitz-type serine protease inhibitor scutellin-3 OS=Oxyuranus scutellatus scutellatus OX=8667 PE=2 SV=1
sp|B5M0W4|SV66_SIMVI     -          pdb_kunitz_msa22_clean -            9.1e-24   79.4   7.9   1.1e-23   79.1   7.9   1.1   1   0   0   1   1   1   1 Simukunin OS=Simulium vittatum OX=7192 PE=1 SV=1
sp|P0DQQ9|VKT1_PALCA     -          pdb_kunitz_msa22_clean -              1e-23   79.3   9.3   1.1e-23   79.2   9.3   1.0   1   0   0   1   1   1   1 Kunitz-like toxin PcKuz1 OS=Palythoa caribaeorum OX=134933 PE=3 SV=1
sp|P81162|CRPTI_RHIMP    -          pdb_kunitz_msa22_clean -            1.3e-23   79.0   5.8   1.5e-23   78.7   5.8   1.1   1   0   0   1   1   1   1 Protease inhibitor carrapatin OS=Rhipicephalus microplus OX=6941 PE=1 SV=1
sp|Q3UW55|WFC6A_MOUSE    -          pdb_kunitz_msa22_clean -            1.7e-23   78.6   0.5   4.2e-23   77.3   0.5   1.7   1   0   0   1   1   1   1 WAP four-disulfide core domain protein 6A OS=Mus musculus OX=10090 GN=Wfdc6a PE=2 SV=1
sp|O62845|ELAC_NOTEU     -          pdb_kunitz_msa22_clean -              2e-23   78.3   4.6   3.4e-23   77.6   4.6   1.4   1   0   0   1   1   1   1 Early lactation protein OS=Notamacropus eugenii OX=9315 GN=ELP PE=1 SV=1
sp|P26228|SBPI_SARBU     -          pdb_kunitz_msa22_clean -            2.2e-23   78.2   6.3   2.4e-23   78.0   6.3   1.0   1   0   0   1   1   1   1 Protease inhibitor OS=Sarcophaga bullata OX=7385 PE=1 SV=1
sp|F5GTK6|VKGUA_SIMGU    -          pdb_kunitz_msa22_clean -            2.9e-23   77.8   8.3   4.5e-23   77.2   8.3   1.3   1   0   0   1   1   1   1 Guianensin OS=Simulium guianense OX=445764 PE=1 SV=1
sp|D5J9Q8|VKT5_BUNFL     -          pdb_kunitz_msa22_clean -            3.4e-23   77.6   9.9   3.8e-23   77.4   9.9   1.0   1   0   0   1   1   1   1 Kunitz-type serine protease inhibitor isoform 5 OS=Bungarus flaviceps flaviceps OX=8615 PE=3 SV=1
sp|B5L5Q1|VKT7_PSETT     -          pdb_kunitz_msa22_clean -            4.6e-23   77.2   4.6   5.2e-23   77.0   4.6   1.0   1   0   0   1   1   1   1 Kunitz-type serine protease inhibitor textilinin-7 OS=Pseudonaja textilis textilis OX=169397 PE=3 SV=1
sp|P0DJ46|VKT21_LYCMC    -          pdb_kunitz_msa22_clean -            5.1e-23   77.0   7.2   6.1e-23   76.8   7.2   1.1   1   0   0   1   1   1   1 Kunitz-type serine protease inhibitor LmKTT-1a OS=Lychas mucronatus OX=172552 PE=1 SV=1
sp|P0DN15|VKTB_ANEVI     -          pdb_kunitz_msa22_clean -            7.7e-23   76.4  10.3   9.2e-23   76.2  10.3   1.1   1   0   0   1   1   1   1 U-actitoxin-Avd3n OS=Anemonia viridis OX=51769 PE=1 SV=1
sp|A7X3V7|VKT1_PHIOL     -          pdb_kunitz_msa22_clean -              9e-23   76.2   6.3   1.1e-22   76.0   6.3   1.1   1   0   0   1   1   1   1 Kunitz-type serine protease inhibitor kunitoxin-Phi1 OS=Philodryas olfersii OX=120305 PE=2 SV=1
sp|B2KTG3|VKTH2_BUNFA    -          pdb_kunitz_msa22_clean -            1.2e-22   75.8   9.5   1.4e-22   75.6   9.5   1.0   1   0   0   1   1   1   1 Kunitz-type serine protease inhibitor homolog beta-bungarotoxin BF B2 chain OS=Bungarus fasciatus OX=8613 PE=2 SV=1
sp|Q0PL65|VKTH7_BUNMU    -          pdb_kunitz_msa22_clean -            1.8e-22   75.2  11.1     2e-22   75.1  11.1   1.0   1   0   0   1   1   1   1 Kunitz-type serine protease inhibitor homolog beta-bungarotoxin B5-B chain OS=Bungarus multicinctus OX=8616 PE=2 SV=1
sp|P0DJ45|VKT22_LYCMC    -          pdb_kunitz_msa22_clean -            2.5e-22   74.8   7.9   2.9e-22   74.6   7.9   1.1   1   0   0   1   1   1   1 Kunitz-type serine protease inhibitor LmKTT-1b OS=Lychas mucronatus OX=172552 PE=2 SV=1
sp|O95925|EPPI_HUMAN     -          pdb_kunitz_msa22_clean -            3.4e-22   74.4   8.4   9.9e-22   72.9   8.4   1.8   1   0   0   1   1   1   1 Eppin OS=Homo sapiens OX=9606 GN=EPPIN PE=1 SV=1
sp|P16044|IBPI_TACTR     -          pdb_kunitz_msa22_clean -            3.9e-22   74.2   7.9   4.5e-22   74.0   7.9   1.0   1   0   0   1   1   1   1 Proteinase inhibitor OS=Tachypleus tridentatus OX=6853 PE=1 SV=1
sp|P19859|VKTCI_NAJNA    -          pdb_kunitz_msa22_clean -            5.3e-22   73.8   9.5   5.6e-22   73.7   9.5   1.0   1   0   0   1   1   1   1 Kunitz-type serine protease inhibitor OS=Naja naja OX=35670 PE=1 SV=1
sp|C8YJ97|KUN5_TABYA     -          pdb_kunitz_msa22_clean -            6.2e-22   73.5   9.5     7e-22   73.4   9.5   1.0   1   0   0   1   1   1   1 Tabkunin 5 OS=Tabanus yao OX=485572 PE=3 SV=1
sp|P0DJ48|VKT23_LYCMC    -          pdb_kunitz_msa22_clean -            6.9e-22   73.4   8.3   7.6e-22   73.3   8.3   1.0   1   0   0   1   1   1   1 Kunitz-type serine protease inhibitor LmKTT-1c OS=Lychas mucronatus OX=172552 PE=2 SV=1
sp|Q29143|ELAC_TRIVU     -          pdb_kunitz_msa22_clean -            8.9e-22   73.1   3.2   1.2e-21   72.6   3.2   1.2   1   0   0   1   1   1   1 Early lactation protein OS=Trichosurus vulpecula OX=9337 GN=ELP PE=1 SV=1
sp|Q4KUS1|WFDC8_MOUSE    -          pdb_kunitz_msa22_clean -            1.2e-21   72.6   5.1   1.2e-21   72.6   5.1   2.7   3   0   0   3   3   1   1 WAP four-disulfide core domain protein 8 OS=Mus musculus OX=10090 GN=Wfdc8 PE=2 SV=1
sp|H2A0M2|KCP1_PINMG     -          pdb_kunitz_msa22_clean -            1.4e-21   72.4  10.1   2.4e-21   71.7  10.1   1.4   1   0   0   1   1   1   1 BPTI/Kunitz domain-containing protein 1 OS=Margaritifera margaritifera OX=102329 PE=1 SV=1
sp|C8YJ96|KUN4_TABYA     -          pdb_kunitz_msa22_clean -            1.6e-21   72.3   8.8   1.8e-21   72.1   8.8   1.0   1   0   0   1   1   1   1 Tabkunin 4 OS=Tabanus yao OX=485572 PE=3 SV=1
sp|G3LH89|VKT_BOMIG      -          pdb_kunitz_msa22_clean -            2.5e-21   71.6   4.9     3e-21   71.3   4.9   1.1   1   0   0   1   1   1   1 Kunitz-type serine protease inhibitor Bi-KTI OS=Bombus ignitus OX=130704 PE=2 SV=1
sp|Q589G4|VKT19_ANOSM    -          pdb_kunitz_msa22_clean -            2.9e-21   71.4   2.3   3.2e-21   71.3   2.3   1.0   1   0   0   1   1   1   1 Kunitz-type serine protease inhibitor As-fr-19 OS=Anoplius samariensis OX=200614 PE=1 SV=1
sp|D2Y488|VKT1A_CONCL    -          pdb_kunitz_msa22_clean -              3e-21   71.4   4.6   3.5e-21   71.1   4.6   1.1   1   0   0   1   1   1   1 Kunitz-type serine protease inhibitor conotoxin Cal9.1a OS=Californiconus californicus OX=1736779 PE=3 SV=1
sp|H2A0N5|KCP3_PINMG     -          pdb_kunitz_msa22_clean -            8.3e-21   69.9  26.6   5.7e-11   38.4  10.1   2.2   1   1   1   2   2   2   2 BPTI/Kunitz domain-containing protein 3 OS=Margaritifera margaritifera OX=102329 PE=1 SV=1
sp|P0CY85|VKTB1_CONBU    -          pdb_kunitz_msa22_clean -            8.4e-21   69.9   5.1     1e-20   69.6   5.1   1.1   1   0   0   1   1   1   1 Kunitz-type conkunitzin-B1 OS=Conus bullatus OX=89438 PE=3 SV=1
sp|P0DJ76|VKT4_CYRSC     -          pdb_kunitz_msa22_clean -            2.9e-20   68.2   8.1   3.9e-20   67.8   8.1   1.1   1   0   0   1   1   1   1 Kunitz-type kappaPI-theraphotoxin-Hs1e OS=Cyriopagopus schmidti OX=29017 PE=3 SV=1
sp|P10831|ISC1_BOMMO     -          pdb_kunitz_msa22_clean -            4.5e-20   67.6   7.7   4.9e-20   67.5   7.7   1.1   1   0   0   1   1   1   1 Chymotrypsin inhibitor SCI-I OS=Bombyx mori OX=7091 PE=1 SV=1
sp|Q8T0W4|VKT2_PIMHY     -          pdb_kunitz_msa22_clean -            4.6e-20   67.6   3.1   5.9e-20   67.2   3.1   1.2   1   0   0   1   1   1   1 Kunitz-type serine protease inhibitor cvp2 OS=Pimpla hypochondriaca OX=135724 PE=1 SV=1
sp|H2A0N9|KCP4_PINMG     -          pdb_kunitz_msa22_clean -            4.8e-20   67.5  11.9   4.8e-20   67.5  11.9   2.2   2   0   0   2   2   1   1 BPTI/Kunitz domain-containing protein 4 OS=Margaritifera margaritifera OX=102329 PE=1 SV=1
sp|O95428|PPN_HUMAN      -          pdb_kunitz_msa22_clean -            5.2e-20   67.4   4.5   2.5e-19   65.2   4.5   2.3   1   0   0   1   1   1   1 Papilin OS=Homo sapiens OX=9606 GN=PAPLN PE=1 SV=4
sp|P86964|KCP3_PINMA     -          pdb_kunitz_msa22_clean -            5.9e-20   67.2  27.8   2.2e-10   36.6  10.6   2.2   1   1   1   2   2   2   2 BPTI/Kunitz domain-containing protein 3 OS=Pinctada maxima OX=104660 PE=1 SV=1
sp|P11424|IMAP_DROFU     -          pdb_kunitz_msa22_clean -            8.1e-20   66.8   3.4     9e-20   66.6   3.4   1.1   1   0   0   1   1   1   1 Male accessory gland serine protease inhibitor OS=Drosophila funebris OX=7221 GN=PapD PE=1 SV=1
sp|Q9EPX2|PPN_MOUSE      -          pdb_kunitz_msa22_clean -            1.2e-19   66.2   5.9   6.3e-19   63.9   5.9   2.3   1   0   0   1   1   1   1 Papilin OS=Mus musculus OX=10090 GN=Papln PE=2 SV=2
sp|D2Y2Q2|VKTM1_CYRHA    -          pdb_kunitz_msa22_clean -            2.3e-19   65.3   6.3   3.1e-19   64.9   6.3   1.1   1   0   0   1   1   1   1 Kunitz-type U15-theraphotoxin-Hhn1m OS=Cyriopagopus hainanus OX=209901 PE=3 SV=1
sp|P0DMJ1|VKT39_CYRSC    -          pdb_kunitz_msa22_clean -            2.4e-19   65.3   4.4   2.9e-19   65.0   4.4   1.1   1   0   0   1   1   1   1 Kunitz-type U15-theraphotoxin-Hs1g OS=Cyriopagopus schmidti OX=29017 PE=3 SV=1
sp|P0DJ84|VKT40_CYRSC    -          pdb_kunitz_msa22_clean -            2.4e-19   65.3   6.4   3.2e-19   64.9   6.4   1.1   1   0   0   1   1   1   1 Kunitz-type kappaPI-theraphotoxin-Hs1d OS=Cyriopagopus schmidti OX=29017 PE=3 SV=1
sp|P81906|ISPI2_GALME    -          pdb_kunitz_msa22_clean -            2.6e-19   65.1   1.1   2.9e-19   65.0   1.1   1.0   1   0   0   1   1   1   1 Inducible serine protease inhibitor 2 (Fragment) OS=Galleria mellonella OX=7137 PE=1 SV=1
sp|P0DQR0|VKT2_PALCA     -          pdb_kunitz_msa22_clean -            4.7e-19   64.3  12.4   5.1e-19   64.2  12.4   1.0   1   0   0   1   1   1   1 Kunitz-like toxin PcKuz2 OS=Palythoa caribaeorum OX=134933 PE=3 SV=1
sp|Q75S49|VKTH4_BUNCA    -          pdb_kunitz_msa22_clean -              6e-19   64.0   8.3   7.1e-19   63.7   8.3   1.1   1   0   0   1   1   1   1 Kunitz-type serine protease inhibitor homolog beta-bungarotoxin B4 chain (Fragment) OS=Bungarus candidus OX=92438 PE=2 SV=1
sp|O73683|A4_DICFU       -          pdb_kunitz_msa22_clean -            1.3e-18   62.9   1.0   2.5e-18   62.0   1.0   1.5   1   0   0   1   1   1   1 Amyloid-beta A4 protein OS=Dichotomyctere fluviatilis OX=2593188 GN=app PE=2 SV=1
sp|Q9W728|VKTH3_BUNMU    -          pdb_kunitz_msa22_clean -            1.5e-18   62.7   8.9   1.8e-18   62.5   8.9   1.1   1   0   0   1   1   1   1 Kunitz-type serine protease inhibitor homolog beta-bungarotoxin B3 chain OS=Bungarus multicinctus OX=8616 PE=2 SV=1
sp|D2Y2Q5|VKTN1_CYRHA    -          pdb_kunitz_msa22_clean -            1.5e-18   62.7   6.4     2e-18   62.3   6.4   1.1   1   0   0   1   1   1   1 Kunitz-type U15-theraphotoxin-Hhn1n OS=Cyriopagopus hainanus OX=209901 PE=3 SV=1
sp|P07481|ISC3_BOMMO     -          pdb_kunitz_msa22_clean -            1.6e-18   62.6   7.3   1.9e-18   62.4   7.3   1.1   1   0   0   1   1   1   1 Chymotrypsin inhibitor SCI-III OS=Bombyx mori OX=7091 PE=1 SV=1
sp|Q9D263|SPIT4_MOUSE    -          pdb_kunitz_msa22_clean -              2e-18   62.3   4.8   2.8e-18   61.9   4.8   1.2   1   0   0   1   1   1   1 Kunitz-type protease inhibitor 4 OS=Mus musculus OX=10090 GN=Spint4 PE=2 SV=1
sp|B4ESA2|VKT1L_BUNMU    -          pdb_kunitz_msa22_clean -            6.2e-18   60.7   6.0   6.9e-18   60.6   6.0   1.0   1   0   0   1   1   1   1 Kunitz-type serine protease inhibitor PILP-1 OS=Bungarus multicinctus OX=8616 PE=3 SV=1
sp|Q02388|CO7A1_HUMAN    -          pdb_kunitz_msa22_clean -            7.2e-18   60.5   1.5   1.2e-17   59.9   1.5   1.3   1   0   0   1   1   1   1 Collagen alpha-1(VII) chain OS=Homo sapiens OX=9606 GN=COL7A1 PE=1 SV=2
sp|D2Y2C2|VKTA1_CYRHA    -          pdb_kunitz_msa22_clean -            1.3e-17   59.7   3.7   1.6e-17   59.4   3.7   1.1   1   0   0   1   1   1   1 Kunitz-type U15-theraphotoxin-Hhn1a OS=Cyriopagopus hainanus OX=209901 PE=3 SV=1
sp|P0DJ70|VKT53_CYRHA    -          pdb_kunitz_msa22_clean -            1.3e-17   59.7   3.7   1.6e-17   59.4   3.7   1.1   1   0   0   1   1   1   1 Kunitz-type U15-theraphotoxin-Hhn1a OS=Cyriopagopus hainanus OX=209901 PE=3 SV=1
sp|D2Y2F8|VKTG1_CYRHA    -          pdb_kunitz_msa22_clean -            1.6e-17   59.4   3.6   1.9e-17   59.1   3.6   1.1   1   0   0   1   1   1   1 Kunitz-type U15-theraphotoxin-Hhn1g OS=Cyriopagopus hainanus OX=209901 PE=3 SV=1
sp|D2Y2F4|VKTC1_CYRHA    -          pdb_kunitz_msa22_clean -            1.6e-17   59.4   3.5   1.9e-17   59.1   3.5   1.1   1   0   0   1   1   1   1 Kunitz-type U15-theraphotoxin-Hhn1c OS=Cyriopagopus hainanus OX=209901 PE=3 SV=1
sp|P0DJ71|VKT35_CYRHA    -          pdb_kunitz_msa22_clean -            2.2e-17   59.0   4.8   2.7e-17   58.7   4.8   1.1   1   0   0   1   1   1   1 Kunitz-type U15-theraphotoxin-Hhn1d OS=Cyriopagopus hainanus OX=209901 PE=3 SV=1
sp|P0DJ69|VKT52_CYRHA    -          pdb_kunitz_msa22_clean -            2.2e-17   59.0   4.9   2.8e-17   58.6   4.9   1.1   1   0   0   1   1   1   1 Kunitz-type serine protease inhibitor HNTX-852 (Fragment) OS=Cyriopagopus hainanus OX=209901 PE=2 SV=1
sp|B2ZBB9|VKTG6_CYRSC    -          pdb_kunitz_msa22_clean -            2.7e-17   58.7   4.5   3.3e-17   58.4   4.5   1.1   1   0   0   1   1   1   1 Kunitz-type U15-theraphotoxin-Hs1b OS=Cyriopagopus schmidti OX=29017 PE=3 SV=1
sp|Q2UY09|COSA1_HUMAN    -          pdb_kunitz_msa22_clean -            5.9e-17   57.6   6.4     1e-16   56.8   6.4   1.4   1   0   0   1   1   1   1 Collagen alpha-1(XXVIII) chain OS=Homo sapiens OX=9606 GN=COL28A1 PE=1 SV=2
sp|D2Y2F3|VKT2_CYRHA     -          pdb_kunitz_msa22_clean -            6.3e-17   57.5   3.5   7.7e-17   57.2   3.5   1.1   1   0   0   1   1   1   1 Kunitz-type U15-theraphotoxin-Hhn1b OS=Cyriopagopus hainanus OX=209901 PE=3 SV=1
sp|D2Y2F7|VKTF1_CYRHA    -          pdb_kunitz_msa22_clean -            8.5e-17   57.1   5.0   1.1e-16   56.7   5.0   1.1   1   0   0   1   1   1   1 Kunitz-type U15-theraphotoxin-Hhn1f OS=Cyriopagopus hainanus OX=209901 PE=3 SV=1
sp|P0DJ73|VKT74_CYRHA    -          pdb_kunitz_msa22_clean -            8.5e-17   57.1   5.0   1.1e-16   56.7   5.0   1.1   1   0   0   1   1   1   1 Kunitz-type U15-theraphotoxin-Hhn1f OS=Cyriopagopus hainanus OX=209901 PE=3 SV=1
sp|Q8MVC4|TFPIL_IXOSC    -          pdb_kunitz_msa22_clean -            8.6e-17   57.1  36.8   4.8e-07   25.9   0.8   6.1   5   2   1   6   6   4   3 Penthalaris OS=Ixodes scapularis OX=6945 PE=1 SV=1
sp|D2Y2F9|VKTH1_CYRHA    -          pdb_kunitz_msa22_clean -            1.5e-16   56.3   4.1   1.8e-16   56.0   4.1   1.1   1   0   0   1   1   1   1 Kunitz-type U15-theraphotoxin-Hhn1h OS=Cyriopagopus hainanus OX=209901 PE=3 SV=1
sp|D2Y2G2|VKTK1_CYRHA    -          pdb_kunitz_msa22_clean -            2.1e-15   52.6   4.6   2.6e-15   52.4   4.6   1.1   1   0   0   1   1   1   1 Kunitz-type U15-theraphotoxin-Hhn1k OS=Cyriopagopus hainanus OX=209901 PE=3 SV=1
sp|D2Y2G0|VKTI1_CYRHA    -          pdb_kunitz_msa22_clean -            2.3e-15   52.5   3.9   2.9e-15   52.2   3.9   1.1   1   0   0   1   1   1   1 Kunitz-type U15-theraphotoxin-Hhn1i OS=Cyriopagopus hainanus OX=209901 PE=3 SV=1
sp|C0LNR2|VKT_VESBI      -          pdb_kunitz_msa22_clean -            3.9e-15   51.8   2.9   4.9e-15   51.5   2.9   1.1   1   0   0   1   1   1   1 Kunitz-type serine protease inhibitor bicolin OS=Vespa bicolor OX=619325 PE=1 SV=1
sp|P0DMW8|VKT33_ACTEQ    -          pdb_kunitz_msa22_clean -            4.7e-15   51.5   3.3   4.9e-15   51.4   3.3   1.0   1   0   0   1   1   1   1 Kunitz-type proteinase inhibitor AEPI-III (Fragment) OS=Actinia equina OX=6106 PE=1 SV=1
sp|M9PE65|AXO_DROME      -          pdb_kunitz_msa22_clean -            3.1e-14   48.9   7.6     1e-13   47.2   7.6   2.0   1   0   0   1   1   1   1 Axotactin OS=Drosophila melanogaster OX=7227 GN=axo PE=1 SV=1
sp|Q09JW6|KUNI_ARGMO     -          pdb_kunitz_msa22_clean -            7.4e-13   44.5  13.0     7e-11   38.1   4.2   3.1   3   0   0   3   3   3   2 Monobin OS=Argas monolakensis OX=34602 GN=AM-28 PE=1 SV=1
sp|Q7Z1K3|ANIS1_ANISI    -          pdb_kunitz_msa22_clean -            8.3e-13   44.3   3.3   8.3e-13   44.3   3.3   2.3   2   1   0   2   2   1   1 Major allergen Ani s 1 OS=Anisakis simplex OX=6269 PE=1 SV=1
sp|P26226|HTIA_MANSE     -          pdb_kunitz_msa22_clean -            1.1e-11   40.7   2.8   1.6e-11   40.2   2.8   1.2   1   0   0   1   1   1   1 Hemolymph trypsin inhibitor A (Fragment) OS=Manduca sexta OX=7130 PE=1 SV=1
sp|D9IFL3|KUN1_RHIHE     -          pdb_kunitz_msa22_clean -            3.5e-11   39.1   4.2   7.2e-11   38.1   4.2   1.5   1   0   0   1   1   1   1 Anticoagulant protein rhipilin-1 OS=Rhipicephalus haemaphysaloides OX=237073 PE=2 SV=1
sp|P86963|KCP2_PINMA     -          pdb_kunitz_msa22_clean -            3.9e-07   26.1  13.5   1.8e-06   24.0   9.4   3.5   2   1   1   3   3   2   1 BPTI/Kunitz domain-containing protein 2 OS=Pinctada maxima OX=104660 PE=1 SV=1
sp|Q8WPG5|KUNI_ORNKA     -          pdb_kunitz_msa22_clean -            1.5e-05   21.0   3.7   0.00014   17.9   0.4   2.3   2   0   0   2   2   2   1 Thrombin inhibitor savignin OS=Ornithodoros kalahariensis OX=1580572 PE=1 SV=1
sp|A0A1Q1NL17|HA11_HYAAI -          pdb_kunitz_msa22_clean -            0.00035   16.7   5.6   0.00093   15.3   5.6   1.6   1   1   0   1   1   1   1 Kunitz-type anticoagulant protein HA11 OS=Hyalomma asiaticum OX=266040 GN=HA11 PE=2 SV=1
#
# Program:         hmmsearch
# Version:         3.4 (Aug 2023)
# Pipeline mode:   SEARCH
# Query file:      pdb_kunitz_22.hmm
# Target file:     pos_1.fasta
# Option settings: hmmsearch --tblout pos_1.out --max -Z 1000 pdb_kunitz_22.hmm pos_1.fasta 
# Current dir:     /Users/biocca/KUNITZ_PROJECT
# Date:            Fri May 16 22:41:41 2025
# [ok]
